
2015-06-16 23:22:26
[ERROR]-[Thread: qtp1874142680-26]-[com.jfinal.core.ActionHandler.handle()]: /resume/index
java.lang.NullPointerException
	at com.dev.base.tool.BizException.<init>(BizException.java:10)
	at com.dev.base.tool.BaseUtils.handleException(BaseUtils.java:9)
	at com.dev.base.tool.SqlUtils.exeQuery(SqlUtils.java:51)
	at com.dev.resume.handle.ResumeController.index(ResumeController.java:17)
	at sun.reflect.NativeMethodAccessorImpl.invoke0(Native Method)
	at sun.reflect.NativeMethodAccessorImpl.invoke(NativeMethodAccessorImpl.java:57)
	at sun.reflect.DelegatingMethodAccessorImpl.invoke(DelegatingMethodAccessorImpl.java:43)
	at java.lang.reflect.Method.invoke(Method.java:606)
	at com.jfinal.core.ActionInvocation.invoke(ActionInvocation.java:55)
	at com.jfinal.core.ActionHandler.handle(ActionHandler.java:73)
	at com.jfinal.core.JFinalFilter.doFilter(JFinalFilter.java:72)
	at org.eclipse.jetty.servlet.ServletHandler$CachedChain.doFilter(ServletHandler.java:1307)
	at org.eclipse.jetty.servlet.ServletHandler.doHandle(ServletHandler.java:453)
	at org.eclipse.jetty.server.handler.ScopedHandler.handle(ScopedHandler.java:137)
	at org.eclipse.jetty.security.SecurityHandler.handle(SecurityHandler.java:560)
	at org.eclipse.jetty.server.session.SessionHandler.doHandle(SessionHandler.java:231)
	at org.eclipse.jetty.server.handler.ContextHandler.doHandle(ContextHandler.java:1072)
	at org.eclipse.jetty.servlet.ServletHandler.doScope(ServletHandler.java:382)
	at org.eclipse.jetty.server.session.SessionHandler.doScope(SessionHandler.java:193)
	at org.eclipse.jetty.server.handler.ContextHandler.doScope(ContextHandler.java:1006)
	at org.eclipse.jetty.server.handler.ScopedHandler.handle(ScopedHandler.java:135)
	at org.eclipse.jetty.server.handler.HandlerWrapper.handle(HandlerWrapper.java:116)
	at org.eclipse.jetty.server.Server.handle(Server.java:365)
	at org.eclipse.jetty.server.AbstractHttpConnection.handleRequest(AbstractHttpConnection.java:485)
	at org.eclipse.jetty.server.AbstractHttpConnection.headerComplete(AbstractHttpConnection.java:926)
	at org.eclipse.jetty.server.AbstractHttpConnection$RequestHandler.headerComplete(AbstractHttpConnection.java:988)
	at org.eclipse.jetty.http.HttpParser.parseNext(HttpParser.java:635)
	at org.eclipse.jetty.http.HttpParser.parseAvailable(HttpParser.java:235)
	at org.eclipse.jetty.server.AsyncHttpConnection.handle(AsyncHttpConnection.java:82)
	at org.eclipse.jetty.io.nio.SelectChannelEndPoint.handle(SelectChannelEndPoint.java:628)
	at org.eclipse.jetty.io.nio.SelectChannelEndPoint$1.run(SelectChannelEndPoint.java:52)
	at org.eclipse.jetty.util.thread.QueuedThreadPool.runJob(QueuedThreadPool.java:608)
	at org.eclipse.jetty.util.thread.QueuedThreadPool$3.run(QueuedThreadPool.java:543)
	at java.lang.Thread.run(Thread.java:745)

2015-06-16 23:39:58
[WARN]-[Thread: Timer-14]-[com.mchange.v2.async.ThreadPoolAsynchronousRunner$DeadlockDetector.run()]: com.mchange.v2.async.ThreadPoolAsynchronousRunner$DeadlockDetector@470aaafc -- APPARENT DEADLOCK!!! Creating emergency threads for unassigned pending tasks!

2015-06-16 23:39:58
[WARN]-[Thread: Timer-14]-[com.mchange.v2.async.ThreadPoolAsynchronousRunner$DeadlockDetector.run()]: com.mchange.v2.async.ThreadPoolAsynchronousRunner$DeadlockDetector@470aaafc -- APPARENT DEADLOCK!!! Complete Status: 
	Managed Threads: 3
	Active Threads: 0
	Active Tasks: 
	Pending Tasks: 
		com.mchange.v2.resourcepool.BasicResourcePool$AcquireTask@50f0f36b
		com.mchange.v2.resourcepool.BasicResourcePool$AcquireTask@7afd1f50
		com.mchange.v2.resourcepool.BasicResourcePool$AcquireTask@12fc45
		com.mchange.v2.resourcepool.BasicResourcePool$AcquireTask@5e70160c
		com.mchange.v2.resourcepool.BasicResourcePool$AcquireTask@10b79e44
		com.mchange.v2.resourcepool.BasicResourcePool$AcquireTask@6f78aef
		com.mchange.v2.resourcepool.BasicResourcePool$AcquireTask@65c2547b
Pool thread stack traces:
	Thread[com.mchange.v2.async.ThreadPoolAsynchronousRunner$PoolThread-#2,5,]
	Thread[com.mchange.v2.async.ThreadPoolAsynchronousRunner$PoolThread-#1,5,]
	Thread[com.mchange.v2.async.ThreadPoolAsynchronousRunner$PoolThread-#0,5,]



2015-06-16 23:40:28
[WARN]-[Thread: Timer-14]-[com.mchange.v2.async.ThreadPoolAsynchronousRunner$DeadlockDetector.run()]: com.mchange.v2.async.ThreadPoolAsynchronousRunner$DeadlockDetector@470aaafc -- APPARENT DEADLOCK!!! Creating emergency threads for unassigned pending tasks!

2015-06-16 23:40:28
[WARN]-[Thread: Timer-14]-[com.mchange.v2.async.ThreadPoolAsynchronousRunner$DeadlockDetector.run()]: com.mchange.v2.async.ThreadPoolAsynchronousRunner$DeadlockDetector@470aaafc -- APPARENT DEADLOCK!!! Complete Status: 
	Managed Threads: 3
	Active Threads: 0
	Active Tasks: 
	Pending Tasks: 
		com.mchange.v2.resourcepool.BasicResourcePool$AcquireTask@42477b38
		com.mchange.v2.resourcepool.BasicResourcePool$AcquireTask@62eabb86
		com.mchange.v2.resourcepool.BasicResourcePool$AcquireTask@20bd8d26
		com.mchange.v2.resourcepool.BasicResourcePool$AcquireTask@7c7dca94
		com.mchange.v2.resourcepool.BasicResourcePool$AcquireTask@267efa66
		com.mchange.v2.resourcepool.BasicResourcePool$AcquireTask@5a695248
		com.mchange.v2.resourcepool.BasicResourcePool$AcquireTask@38992357
		com.mchange.v2.resourcepool.BasicResourcePool$AcquireTask@4ddf41c8
		com.mchange.v2.resourcepool.BasicResourcePool$AcquireTask@7c57d968
		com.mchange.v2.resourcepool.BasicResourcePool$AcquireTask@6b827a9e
Pool thread stack traces:
	Thread[com.mchange.v2.async.ThreadPoolAsynchronousRunner$PoolThread-#2,5,]
	Thread[com.mchange.v2.async.ThreadPoolAsynchronousRunner$PoolThread-#0,5,]
	Thread[com.mchange.v2.async.ThreadPoolAsynchronousRunner$PoolThread-#1,5,]



2015-06-16 23:40:58
[WARN]-[Thread: Timer-14]-[com.mchange.v2.async.ThreadPoolAsynchronousRunner$DeadlockDetector.run()]: com.mchange.v2.async.ThreadPoolAsynchronousRunner$DeadlockDetector@470aaafc -- APPARENT DEADLOCK!!! Creating emergency threads for unassigned pending tasks!

2015-06-16 23:40:58
[WARN]-[Thread: Timer-14]-[com.mchange.v2.async.ThreadPoolAsynchronousRunner$DeadlockDetector.run()]: com.mchange.v2.async.ThreadPoolAsynchronousRunner$DeadlockDetector@470aaafc -- APPARENT DEADLOCK!!! Complete Status: 
	Managed Threads: 3
	Active Threads: 0
	Active Tasks: 
	Pending Tasks: 
		com.mchange.v2.resourcepool.BasicResourcePool$AcquireTask@7cf806eb
		com.mchange.v2.resourcepool.BasicResourcePool$AcquireTask@7f8e6e65
		com.mchange.v2.resourcepool.BasicResourcePool$AcquireTask@5ff1ea4f
		com.mchange.v2.resourcepool.BasicResourcePool$AcquireTask@34e19bf
		com.mchange.v2.resourcepool.BasicResourcePool$AcquireTask@7c7c4c4a
		com.mchange.v2.resourcepool.BasicResourcePool$AcquireTask@4474ce1f
		com.mchange.v2.resourcepool.BasicResourcePool$AcquireTask@50887855
		com.mchange.v2.resourcepool.BasicResourcePool$AcquireTask@2f943dc1
		com.mchange.v2.resourcepool.BasicResourcePool$AcquireTask@2d62624e
		com.mchange.v2.resourcepool.BasicResourcePool$AcquireTask@16240629
Pool thread stack traces:
	Thread[com.mchange.v2.async.ThreadPoolAsynchronousRunner$PoolThread-#1,5,]
	Thread[com.mchange.v2.async.ThreadPoolAsynchronousRunner$PoolThread-#0,5,]
	Thread[com.mchange.v2.async.ThreadPoolAsynchronousRunner$PoolThread-#2,5,]



2015-06-16 23:41:29
[WARN]-[Thread: Timer-14]-[com.mchange.v2.async.ThreadPoolAsynchronousRunner$DeadlockDetector.run()]: com.mchange.v2.async.ThreadPoolAsynchronousRunner$DeadlockDetector@470aaafc -- APPARENT DEADLOCK!!! Creating emergency threads for unassigned pending tasks!

2015-06-16 23:41:29
[WARN]-[Thread: Timer-14]-[com.mchange.v2.async.ThreadPoolAsynchronousRunner$DeadlockDetector.run()]: com.mchange.v2.async.ThreadPoolAsynchronousRunner$DeadlockDetector@470aaafc -- APPARENT DEADLOCK!!! Complete Status: 
	Managed Threads: 3
	Active Threads: 0
	Active Tasks: 
	Pending Tasks: 
		com.mchange.v2.resourcepool.BasicResourcePool$AcquireTask@2ed8aaf5
		com.mchange.v2.resourcepool.BasicResourcePool$AcquireTask@12bfd2da
		com.mchange.v2.resourcepool.BasicResourcePool$AcquireTask@6fabefd3
		com.mchange.v2.resourcepool.BasicResourcePool$AcquireTask@10e3eec
		com.mchange.v2.resourcepool.BasicResourcePool$AcquireTask@4e44f87e
		com.mchange.v2.resourcepool.BasicResourcePool$AcquireTask@12164057
		com.mchange.v2.resourcepool.BasicResourcePool$AcquireTask@72da1907
		com.mchange.v2.resourcepool.BasicResourcePool$AcquireTask@4ca15579
		com.mchange.v2.resourcepool.BasicResourcePool$AcquireTask@73f2a23c
		com.mchange.v2.resourcepool.BasicResourcePool$AcquireTask@3e794c9c
Pool thread stack traces:
	Thread[com.mchange.v2.async.ThreadPoolAsynchronousRunner$PoolThread-#2,5,]
	Thread[com.mchange.v2.async.ThreadPoolAsynchronousRunner$PoolThread-#0,5,]
	Thread[com.mchange.v2.async.ThreadPoolAsynchronousRunner$PoolThread-#1,5,]



2015-06-16 23:41:59
[WARN]-[Thread: Timer-14]-[com.mchange.v2.async.ThreadPoolAsynchronousRunner$DeadlockDetector.run()]: com.mchange.v2.async.ThreadPoolAsynchronousRunner$DeadlockDetector@470aaafc -- APPARENT DEADLOCK!!! Creating emergency threads for unassigned pending tasks!

2015-06-16 23:41:59
[WARN]-[Thread: Timer-14]-[com.mchange.v2.async.ThreadPoolAsynchronousRunner$DeadlockDetector.run()]: com.mchange.v2.async.ThreadPoolAsynchronousRunner$DeadlockDetector@470aaafc -- APPARENT DEADLOCK!!! Complete Status: 
	Managed Threads: 3
	Active Threads: 0
	Active Tasks: 
	Pending Tasks: 
		com.mchange.v2.resourcepool.BasicResourcePool$AcquireTask@6f0dc842
		com.mchange.v2.resourcepool.BasicResourcePool$AcquireTask@71d69e03
		com.mchange.v2.resourcepool.BasicResourcePool$AcquireTask@41201158
		com.mchange.v2.resourcepool.BasicResourcePool$AcquireTask@2052c9cf
		com.mchange.v2.resourcepool.BasicResourcePool$AcquireTask@1b3f459d
		com.mchange.v2.resourcepool.BasicResourcePool$AcquireTask@56f35464
		com.mchange.v2.resourcepool.BasicResourcePool$AcquireTask@1299dd5
		com.mchange.v2.resourcepool.BasicResourcePool$AcquireTask@53390b8b
		com.mchange.v2.resourcepool.BasicResourcePool$AcquireTask@4624fd5c
		com.mchange.v2.resourcepool.BasicResourcePool$AcquireTask@2675c6fe
Pool thread stack traces:
	Thread[com.mchange.v2.async.ThreadPoolAsynchronousRunner$PoolThread-#0,5,]
	Thread[com.mchange.v2.async.ThreadPoolAsynchronousRunner$PoolThread-#2,5,]
	Thread[com.mchange.v2.async.ThreadPoolAsynchronousRunner$PoolThread-#1,5,]



2015-06-16 23:42:30
[WARN]-[Thread: Timer-14]-[com.mchange.v2.async.ThreadPoolAsynchronousRunner$DeadlockDetector.run()]: com.mchange.v2.async.ThreadPoolAsynchronousRunner$DeadlockDetector@470aaafc -- APPARENT DEADLOCK!!! Creating emergency threads for unassigned pending tasks!

2015-06-16 23:42:30
[WARN]-[Thread: Timer-14]-[com.mchange.v2.async.ThreadPoolAsynchronousRunner$DeadlockDetector.run()]: com.mchange.v2.async.ThreadPoolAsynchronousRunner$DeadlockDetector@470aaafc -- APPARENT DEADLOCK!!! Complete Status: 
	Managed Threads: 3
	Active Threads: 0
	Active Tasks: 
	Pending Tasks: 
		com.mchange.v2.resourcepool.BasicResourcePool$AcquireTask@588ac488
		com.mchange.v2.resourcepool.BasicResourcePool$AcquireTask@7e6cea21
		com.mchange.v2.resourcepool.BasicResourcePool$AcquireTask@207f5d5f
		com.mchange.v2.resourcepool.BasicResourcePool$AcquireTask@9cb18a4
		com.mchange.v2.resourcepool.BasicResourcePool$AcquireTask@74bebc01
		com.mchange.v2.resourcepool.BasicResourcePool$AcquireTask@16292188
		com.mchange.v2.resourcepool.BasicResourcePool$AcquireTask@66587315
		com.mchange.v2.resourcepool.BasicResourcePool$AcquireTask@38eb9c31
		com.mchange.v2.resourcepool.BasicResourcePool$AcquireTask@745b7228
		com.mchange.v2.resourcepool.BasicResourcePool$AcquireTask@1fa3dbc6
Pool thread stack traces:
	Thread[com.mchange.v2.async.ThreadPoolAsynchronousRunner$PoolThread-#1,5,]
	Thread[com.mchange.v2.async.ThreadPoolAsynchronousRunner$PoolThread-#2,5,]
	Thread[com.mchange.v2.async.ThreadPoolAsynchronousRunner$PoolThread-#0,5,]



2015-06-16 23:43:00
[WARN]-[Thread: Timer-14]-[com.mchange.v2.async.ThreadPoolAsynchronousRunner$DeadlockDetector.run()]: com.mchange.v2.async.ThreadPoolAsynchronousRunner$DeadlockDetector@470aaafc -- APPARENT DEADLOCK!!! Creating emergency threads for unassigned pending tasks!

2015-06-16 23:43:00
[WARN]-[Thread: Timer-14]-[com.mchange.v2.async.ThreadPoolAsynchronousRunner$DeadlockDetector.run()]: com.mchange.v2.async.ThreadPoolAsynchronousRunner$DeadlockDetector@470aaafc -- APPARENT DEADLOCK!!! Complete Status: 
	Managed Threads: 3
	Active Threads: 0
	Active Tasks: 
	Pending Tasks: 
		com.mchange.v2.resourcepool.BasicResourcePool$AcquireTask@61026d24
		com.mchange.v2.resourcepool.BasicResourcePool$AcquireTask@664b883d
		com.mchange.v2.resourcepool.BasicResourcePool$AcquireTask@68dd9142
		com.mchange.v2.resourcepool.BasicResourcePool$AcquireTask@2a6bb9d7
		com.mchange.v2.resourcepool.BasicResourcePool$AcquireTask@675e803
		com.mchange.v2.resourcepool.BasicResourcePool$AcquireTask@26d32045
		com.mchange.v2.resourcepool.BasicResourcePool$AcquireTask@6eeba5ec
		com.mchange.v2.resourcepool.BasicResourcePool$AcquireTask@30da61d8
		com.mchange.v2.resourcepool.BasicResourcePool$AcquireTask@514dc4f6
		com.mchange.v2.resourcepool.BasicResourcePool$AcquireTask@48be1c2d
Pool thread stack traces:
	Thread[com.mchange.v2.async.ThreadPoolAsynchronousRunner$PoolThread-#1,5,]
	Thread[com.mchange.v2.async.ThreadPoolAsynchronousRunner$PoolThread-#0,5,]
	Thread[com.mchange.v2.async.ThreadPoolAsynchronousRunner$PoolThread-#2,5,]



2015-06-16 23:43:30
[WARN]-[Thread: Timer-14]-[com.mchange.v2.async.ThreadPoolAsynchronousRunner$DeadlockDetector.run()]: com.mchange.v2.async.ThreadPoolAsynchronousRunner$DeadlockDetector@470aaafc -- APPARENT DEADLOCK!!! Creating emergency threads for unassigned pending tasks!

2015-06-16 23:43:30
[WARN]-[Thread: Timer-14]-[com.mchange.v2.async.ThreadPoolAsynchronousRunner$DeadlockDetector.run()]: com.mchange.v2.async.ThreadPoolAsynchronousRunner$DeadlockDetector@470aaafc -- APPARENT DEADLOCK!!! Complete Status: 
	Managed Threads: 3
	Active Threads: 0
	Active Tasks: 
	Pending Tasks: 
		com.mchange.v2.resourcepool.BasicResourcePool$AcquireTask@4f2a858f
		com.mchange.v2.resourcepool.BasicResourcePool$AcquireTask@70a697e3
		com.mchange.v2.resourcepool.BasicResourcePool$AcquireTask@493df1dc
		com.mchange.v2.resourcepool.BasicResourcePool$AcquireTask@1d1c815
		com.mchange.v2.resourcepool.BasicResourcePool$AcquireTask@73a6dba1
		com.mchange.v2.resourcepool.BasicResourcePool$AcquireTask@4f9d6258
		com.mchange.v2.resourcepool.BasicResourcePool$AcquireTask@65a3a83d
		com.mchange.v2.resourcepool.BasicResourcePool$AcquireTask@5b7a70ec
		com.mchange.v2.resourcepool.BasicResourcePool$AcquireTask@438bc4df
		com.mchange.v2.resourcepool.BasicResourcePool$AcquireTask@d2a2f1e
Pool thread stack traces:
	Thread[com.mchange.v2.async.ThreadPoolAsynchronousRunner$PoolThread-#2,5,]
	Thread[com.mchange.v2.async.ThreadPoolAsynchronousRunner$PoolThread-#0,5,]
	Thread[com.mchange.v2.async.ThreadPoolAsynchronousRunner$PoolThread-#1,5,]



2015-06-16 23:44:00
[WARN]-[Thread: Timer-14]-[com.mchange.v2.async.ThreadPoolAsynchronousRunner$DeadlockDetector.run()]: com.mchange.v2.async.ThreadPoolAsynchronousRunner$DeadlockDetector@470aaafc -- APPARENT DEADLOCK!!! Creating emergency threads for unassigned pending tasks!

2015-06-16 23:44:00
[WARN]-[Thread: Timer-14]-[com.mchange.v2.async.ThreadPoolAsynchronousRunner$DeadlockDetector.run()]: com.mchange.v2.async.ThreadPoolAsynchronousRunner$DeadlockDetector@470aaafc -- APPARENT DEADLOCK!!! Complete Status: 
	Managed Threads: 3
	Active Threads: 0
	Active Tasks: 
	Pending Tasks: 
		com.mchange.v2.resourcepool.BasicResourcePool$AcquireTask@13015762
		com.mchange.v2.resourcepool.BasicResourcePool$AcquireTask@3d0fecad
		com.mchange.v2.resourcepool.BasicResourcePool$AcquireTask@607b712c
		com.mchange.v2.resourcepool.BasicResourcePool$AcquireTask@48433130
		com.mchange.v2.resourcepool.BasicResourcePool$AcquireTask@33526b60
		com.mchange.v2.resourcepool.BasicResourcePool$AcquireTask@680785f2
		com.mchange.v2.resourcepool.BasicResourcePool$AcquireTask@45eb0839
		com.mchange.v2.resourcepool.BasicResourcePool$AcquireTask@4968fa0b
		com.mchange.v2.resourcepool.BasicResourcePool$AcquireTask@af80dd4
		com.mchange.v2.resourcepool.BasicResourcePool$AcquireTask@2353deec
Pool thread stack traces:
	Thread[com.mchange.v2.async.ThreadPoolAsynchronousRunner$PoolThread-#0,5,]
	Thread[com.mchange.v2.async.ThreadPoolAsynchronousRunner$PoolThread-#1,5,]
	Thread[com.mchange.v2.async.ThreadPoolAsynchronousRunner$PoolThread-#2,5,]



2015-06-16 23:44:31
[WARN]-[Thread: Timer-14]-[com.mchange.v2.async.ThreadPoolAsynchronousRunner$DeadlockDetector.run()]: com.mchange.v2.async.ThreadPoolAsynchronousRunner$DeadlockDetector@470aaafc -- APPARENT DEADLOCK!!! Creating emergency threads for unassigned pending tasks!

2015-06-16 23:44:31
[WARN]-[Thread: Timer-14]-[com.mchange.v2.async.ThreadPoolAsynchronousRunner$DeadlockDetector.run()]: com.mchange.v2.async.ThreadPoolAsynchronousRunner$DeadlockDetector@470aaafc -- APPARENT DEADLOCK!!! Complete Status: 
	Managed Threads: 3
	Active Threads: 0
	Active Tasks: 
	Pending Tasks: 
		com.mchange.v2.resourcepool.BasicResourcePool$AcquireTask@1df56410
		com.mchange.v2.resourcepool.BasicResourcePool$AcquireTask@597c65cd
		com.mchange.v2.resourcepool.BasicResourcePool$AcquireTask@75ffa3a0
		com.mchange.v2.resourcepool.BasicResourcePool$AcquireTask@624f99e5
		com.mchange.v2.resourcepool.BasicResourcePool$AcquireTask@5800bbcf
		com.mchange.v2.resourcepool.BasicResourcePool$AcquireTask@182a402c
		com.mchange.v2.resourcepool.BasicResourcePool$AcquireTask@7ddb1518
		com.mchange.v2.resourcepool.BasicResourcePool$AcquireTask@3a461b35
		com.mchange.v2.resourcepool.BasicResourcePool$AcquireTask@50a45276
		com.mchange.v2.resourcepool.BasicResourcePool$AcquireTask@5421ea56
Pool thread stack traces:
	Thread[com.mchange.v2.async.ThreadPoolAsynchronousRunner$PoolThread-#2,5,]
	Thread[com.mchange.v2.async.ThreadPoolAsynchronousRunner$PoolThread-#0,5,]
	Thread[com.mchange.v2.async.ThreadPoolAsynchronousRunner$PoolThread-#1,5,]



2015-06-16 23:45:01
[WARN]-[Thread: Timer-14]-[com.mchange.v2.async.ThreadPoolAsynchronousRunner$DeadlockDetector.run()]: com.mchange.v2.async.ThreadPoolAsynchronousRunner$DeadlockDetector@470aaafc -- APPARENT DEADLOCK!!! Creating emergency threads for unassigned pending tasks!

2015-06-16 23:45:01
[WARN]-[Thread: Timer-14]-[com.mchange.v2.async.ThreadPoolAsynchronousRunner$DeadlockDetector.run()]: com.mchange.v2.async.ThreadPoolAsynchronousRunner$DeadlockDetector@470aaafc -- APPARENT DEADLOCK!!! Complete Status: 
	Managed Threads: 3
	Active Threads: 0
	Active Tasks: 
	Pending Tasks: 
		com.mchange.v2.resourcepool.BasicResourcePool$AcquireTask@41737f25
		com.mchange.v2.resourcepool.BasicResourcePool$AcquireTask@5a077b5
		com.mchange.v2.resourcepool.BasicResourcePool$AcquireTask@6a130ef5
		com.mchange.v2.resourcepool.BasicResourcePool$AcquireTask@93b2d3b
		com.mchange.v2.resourcepool.BasicResourcePool$AcquireTask@c168139
		com.mchange.v2.resourcepool.BasicResourcePool$AcquireTask@197dcb62
		com.mchange.v2.resourcepool.BasicResourcePool$AcquireTask@11b39c01
		com.mchange.v2.resourcepool.BasicResourcePool$AcquireTask@26c70ebb
		com.mchange.v2.resourcepool.BasicResourcePool$AcquireTask@56982ae0
		com.mchange.v2.resourcepool.BasicResourcePool$AcquireTask@2027048a
Pool thread stack traces:
	Thread[com.mchange.v2.async.ThreadPoolAsynchronousRunner$PoolThread-#2,5,]
	Thread[com.mchange.v2.async.ThreadPoolAsynchronousRunner$PoolThread-#0,5,]
	Thread[com.mchange.v2.async.ThreadPoolAsynchronousRunner$PoolThread-#1,5,]



2015-06-16 23:45:31
[WARN]-[Thread: Timer-14]-[com.mchange.v2.async.ThreadPoolAsynchronousRunner$DeadlockDetector.run()]: com.mchange.v2.async.ThreadPoolAsynchronousRunner$DeadlockDetector@470aaafc -- APPARENT DEADLOCK!!! Creating emergency threads for unassigned pending tasks!

2015-06-16 23:45:31
[WARN]-[Thread: Timer-14]-[com.mchange.v2.async.ThreadPoolAsynchronousRunner$DeadlockDetector.run()]: com.mchange.v2.async.ThreadPoolAsynchronousRunner$DeadlockDetector@470aaafc -- APPARENT DEADLOCK!!! Complete Status: 
	Managed Threads: 3
	Active Threads: 0
	Active Tasks: 
	Pending Tasks: 
		com.mchange.v2.resourcepool.BasicResourcePool$AcquireTask@4e02f273
		com.mchange.v2.resourcepool.BasicResourcePool$AcquireTask@237b8408
		com.mchange.v2.resourcepool.BasicResourcePool$AcquireTask@2193b6b
		com.mchange.v2.resourcepool.BasicResourcePool$AcquireTask@468beee0
		com.mchange.v2.resourcepool.BasicResourcePool$AcquireTask@cefd84f
		com.mchange.v2.resourcepool.BasicResourcePool$AcquireTask@5662312b
		com.mchange.v2.resourcepool.BasicResourcePool$AcquireTask@488a2a5b
		com.mchange.v2.resourcepool.BasicResourcePool$AcquireTask@66e2e191
		com.mchange.v2.resourcepool.BasicResourcePool$AcquireTask@39472b5c
		com.mchange.v2.resourcepool.BasicResourcePool$AcquireTask@6f6fc264
Pool thread stack traces:
	Thread[com.mchange.v2.async.ThreadPoolAsynchronousRunner$PoolThread-#1,5,]
	Thread[com.mchange.v2.async.ThreadPoolAsynchronousRunner$PoolThread-#0,5,]
	Thread[com.mchange.v2.async.ThreadPoolAsynchronousRunner$PoolThread-#2,5,]



2015-06-16 23:46:02
[WARN]-[Thread: Timer-14]-[com.mchange.v2.async.ThreadPoolAsynchronousRunner$DeadlockDetector.run()]: com.mchange.v2.async.ThreadPoolAsynchronousRunner$DeadlockDetector@470aaafc -- APPARENT DEADLOCK!!! Creating emergency threads for unassigned pending tasks!

2015-06-16 23:46:02
[WARN]-[Thread: Timer-14]-[com.mchange.v2.async.ThreadPoolAsynchronousRunner$DeadlockDetector.run()]: com.mchange.v2.async.ThreadPoolAsynchronousRunner$DeadlockDetector@470aaafc -- APPARENT DEADLOCK!!! Complete Status: 
	Managed Threads: 3
	Active Threads: 0
	Active Tasks: 
	Pending Tasks: 
		com.mchange.v2.resourcepool.BasicResourcePool$AcquireTask@244af210
		com.mchange.v2.resourcepool.BasicResourcePool$AcquireTask@345a0b0d
		com.mchange.v2.resourcepool.BasicResourcePool$AcquireTask@38b9d55
		com.mchange.v2.resourcepool.BasicResourcePool$AcquireTask@43063944
		com.mchange.v2.resourcepool.BasicResourcePool$AcquireTask@4d99c1bc
		com.mchange.v2.resourcepool.BasicResourcePool$AcquireTask@297e4571
		com.mchange.v2.resourcepool.BasicResourcePool$AcquireTask@210112ff
		com.mchange.v2.resourcepool.BasicResourcePool$AcquireTask@4d863446
		com.mchange.v2.resourcepool.BasicResourcePool$AcquireTask@25d2076d
		com.mchange.v2.resourcepool.BasicResourcePool$AcquireTask@7fe59880
Pool thread stack traces:
	Thread[com.mchange.v2.async.ThreadPoolAsynchronousRunner$PoolThread-#2,5,]
	Thread[com.mchange.v2.async.ThreadPoolAsynchronousRunner$PoolThread-#0,5,]
	Thread[com.mchange.v2.async.ThreadPoolAsynchronousRunner$PoolThread-#1,5,]



2015-06-16 23:46:32
[WARN]-[Thread: Timer-14]-[com.mchange.v2.async.ThreadPoolAsynchronousRunner$DeadlockDetector.run()]: com.mchange.v2.async.ThreadPoolAsynchronousRunner$DeadlockDetector@470aaafc -- APPARENT DEADLOCK!!! Creating emergency threads for unassigned pending tasks!

2015-06-16 23:46:32
[WARN]-[Thread: Timer-14]-[com.mchange.v2.async.ThreadPoolAsynchronousRunner$DeadlockDetector.run()]: com.mchange.v2.async.ThreadPoolAsynchronousRunner$DeadlockDetector@470aaafc -- APPARENT DEADLOCK!!! Complete Status: 
	Managed Threads: 3
	Active Threads: 0
	Active Tasks: 
	Pending Tasks: 
		com.mchange.v2.resourcepool.BasicResourcePool$AcquireTask@5a6ebf78
		com.mchange.v2.resourcepool.BasicResourcePool$AcquireTask@1cdc8daa
		com.mchange.v2.resourcepool.BasicResourcePool$AcquireTask@53d8a2b3
		com.mchange.v2.resourcepool.BasicResourcePool$AcquireTask@33a1c0c6
		com.mchange.v2.resourcepool.BasicResourcePool$AcquireTask@407721a5
		com.mchange.v2.resourcepool.BasicResourcePool$AcquireTask@4d41f8b3
		com.mchange.v2.resourcepool.BasicResourcePool$AcquireTask@262ed765
		com.mchange.v2.resourcepool.BasicResourcePool$AcquireTask@4d3f3b78
		com.mchange.v2.resourcepool.BasicResourcePool$AcquireTask@72596ae6
		com.mchange.v2.resourcepool.BasicResourcePool$AcquireTask@4c795cb0
Pool thread stack traces:
	Thread[com.mchange.v2.async.ThreadPoolAsynchronousRunner$PoolThread-#2,5,]
	Thread[com.mchange.v2.async.ThreadPoolAsynchronousRunner$PoolThread-#0,5,]
	Thread[com.mchange.v2.async.ThreadPoolAsynchronousRunner$PoolThread-#1,5,]



2015-06-27 23:05:40
[WARN]-[Thread: JFinal-Scanner]-[org.eclipse.jetty.util.component.AbstractLifeCycle.setFailed()]: FAILED jfinal: java.lang.IllegalArgumentException: The controllerKey already exists: /
java.lang.IllegalArgumentException: The controllerKey already exists: /
	at com.jfinal.config.Routes.add(Routes.java:66)
	at com.demo.common.DemoConfig.configRoute(DemoConfig.java:37)
	at com.jfinal.core.Config.configJFinal(Config.java:47)
	at com.jfinal.core.JFinal.init(JFinal.java:67)
	at com.jfinal.core.JFinalFilter.init(JFinalFilter.java:49)
	at org.eclipse.jetty.servlet.FilterHolder.doStart(FilterHolder.java:119)
	at org.eclipse.jetty.util.component.AbstractLifeCycle.start(AbstractLifeCycle.java:64)
	at org.eclipse.jetty.servlet.ServletHandler.initialize(ServletHandler.java:724)
	at org.eclipse.jetty.servlet.ServletContextHandler.startContext(ServletContextHandler.java:265)
	at org.eclipse.jetty.webapp.WebAppContext.startContext(WebAppContext.java:1250)
	at org.eclipse.jetty.server.handler.ContextHandler.doStart(ContextHandler.java:706)
	at org.eclipse.jetty.webapp.WebAppContext.doStart(WebAppContext.java:492)
	at org.eclipse.jetty.util.component.AbstractLifeCycle.start(AbstractLifeCycle.java:64)
	at com.jfinal.server.JettyServer$1.onChange(JettyServer.java:106)
	at com.jfinal.server.Scanner.compare(Scanner.java:87)
	at com.jfinal.server.Scanner.working(Scanner.java:56)
	at com.jfinal.server.Scanner.access$0(Scanner.java:54)
	at com.jfinal.server.Scanner$1.run(Scanner.java:93)
	at java.util.TimerThread.mainLoop(Timer.java:555)
	at java.util.TimerThread.run(Timer.java:505)

2015-06-27 23:05:40
[WARN]-[Thread: JFinal-Scanner]-[org.eclipse.jetty.webapp.WebAppContext.doStart()]: Failed startup of context o.e.j.w.WebAppContext{/,file:/E:/Workspace/eclipse/web/WebContent/}
java.lang.IllegalArgumentException: The controllerKey already exists: /
	at com.jfinal.config.Routes.add(Routes.java:66)
	at com.demo.common.DemoConfig.configRoute(DemoConfig.java:37)
	at com.jfinal.core.Config.configJFinal(Config.java:47)
	at com.jfinal.core.JFinal.init(JFinal.java:67)
	at com.jfinal.core.JFinalFilter.init(JFinalFilter.java:49)
	at org.eclipse.jetty.servlet.FilterHolder.doStart(FilterHolder.java:119)
	at org.eclipse.jetty.util.component.AbstractLifeCycle.start(AbstractLifeCycle.java:64)
	at org.eclipse.jetty.servlet.ServletHandler.initialize(ServletHandler.java:724)
	at org.eclipse.jetty.servlet.ServletContextHandler.startContext(ServletContextHandler.java:265)
	at org.eclipse.jetty.webapp.WebAppContext.startContext(WebAppContext.java:1250)
	at org.eclipse.jetty.server.handler.ContextHandler.doStart(ContextHandler.java:706)
	at org.eclipse.jetty.webapp.WebAppContext.doStart(WebAppContext.java:492)
	at org.eclipse.jetty.util.component.AbstractLifeCycle.start(AbstractLifeCycle.java:64)
	at com.jfinal.server.JettyServer$1.onChange(JettyServer.java:106)
	at com.jfinal.server.Scanner.compare(Scanner.java:87)
	at com.jfinal.server.Scanner.working(Scanner.java:56)
	at com.jfinal.server.Scanner.access$0(Scanner.java:54)
	at com.jfinal.server.Scanner$1.run(Scanner.java:93)
	at java.util.TimerThread.mainLoop(Timer.java:555)
	at java.util.TimerThread.run(Timer.java:505)

2015-06-27 23:05:47
[WARN]-[Thread: JFinal-Scanner]-[org.eclipse.jetty.util.component.AbstractLifeCycle.setFailed()]: FAILED jfinal: java.lang.IllegalArgumentException: The controllerKey already exists: /
java.lang.IllegalArgumentException: The controllerKey already exists: /
	at com.jfinal.config.Routes.add(Routes.java:66)
	at com.demo.common.DemoConfig.configRoute(DemoConfig.java:37)
	at com.jfinal.core.Config.configJFinal(Config.java:47)
	at com.jfinal.core.JFinal.init(JFinal.java:67)
	at com.jfinal.core.JFinalFilter.init(JFinalFilter.java:49)
	at org.eclipse.jetty.servlet.FilterHolder.doStart(FilterHolder.java:119)
	at org.eclipse.jetty.util.component.AbstractLifeCycle.start(AbstractLifeCycle.java:64)
	at org.eclipse.jetty.servlet.ServletHandler.initialize(ServletHandler.java:724)
	at org.eclipse.jetty.servlet.ServletContextHandler.startContext(ServletContextHandler.java:265)
	at org.eclipse.jetty.webapp.WebAppContext.startContext(WebAppContext.java:1250)
	at org.eclipse.jetty.server.handler.ContextHandler.doStart(ContextHandler.java:706)
	at org.eclipse.jetty.webapp.WebAppContext.doStart(WebAppContext.java:492)
	at org.eclipse.jetty.util.component.AbstractLifeCycle.start(AbstractLifeCycle.java:64)
	at com.jfinal.server.JettyServer$1.onChange(JettyServer.java:106)
	at com.jfinal.server.Scanner.compare(Scanner.java:87)
	at com.jfinal.server.Scanner.working(Scanner.java:56)
	at com.jfinal.server.Scanner.access$0(Scanner.java:54)
	at com.jfinal.server.Scanner$1.run(Scanner.java:93)
	at java.util.TimerThread.mainLoop(Timer.java:555)
	at java.util.TimerThread.run(Timer.java:505)

2015-06-27 23:05:47
[WARN]-[Thread: JFinal-Scanner]-[org.eclipse.jetty.webapp.WebAppContext.doStart()]: Failed startup of context o.e.j.w.WebAppContext{/,file:/E:/Workspace/eclipse/web/WebContent/}
java.lang.IllegalArgumentException: The controllerKey already exists: /
	at com.jfinal.config.Routes.add(Routes.java:66)
	at com.demo.common.DemoConfig.configRoute(DemoConfig.java:37)
	at com.jfinal.core.Config.configJFinal(Config.java:47)
	at com.jfinal.core.JFinal.init(JFinal.java:67)
	at com.jfinal.core.JFinalFilter.init(JFinalFilter.java:49)
	at org.eclipse.jetty.servlet.FilterHolder.doStart(FilterHolder.java:119)
	at org.eclipse.jetty.util.component.AbstractLifeCycle.start(AbstractLifeCycle.java:64)
	at org.eclipse.jetty.servlet.ServletHandler.initialize(ServletHandler.java:724)
	at org.eclipse.jetty.servlet.ServletContextHandler.startContext(ServletContextHandler.java:265)
	at org.eclipse.jetty.webapp.WebAppContext.startContext(WebAppContext.java:1250)
	at org.eclipse.jetty.server.handler.ContextHandler.doStart(ContextHandler.java:706)
	at org.eclipse.jetty.webapp.WebAppContext.doStart(WebAppContext.java:492)
	at org.eclipse.jetty.util.component.AbstractLifeCycle.start(AbstractLifeCycle.java:64)
	at com.jfinal.server.JettyServer$1.onChange(JettyServer.java:106)
	at com.jfinal.server.Scanner.compare(Scanner.java:87)
	at com.jfinal.server.Scanner.working(Scanner.java:56)
	at com.jfinal.server.Scanner.access$0(Scanner.java:54)
	at com.jfinal.server.Scanner$1.run(Scanner.java:93)
	at java.util.TimerThread.mainLoop(Timer.java:555)
	at java.util.TimerThread.run(Timer.java:505)

2015-06-27 23:05:51
[WARN]-[Thread: JFinal-Scanner]-[org.eclipse.jetty.util.component.AbstractLifeCycle.setFailed()]: FAILED jfinal: java.lang.IllegalArgumentException: The controllerKey already exists: /
java.lang.IllegalArgumentException: The controllerKey already exists: /
	at com.jfinal.config.Routes.add(Routes.java:66)
	at com.demo.common.DemoConfig.configRoute(DemoConfig.java:37)
	at com.jfinal.core.Config.configJFinal(Config.java:47)
	at com.jfinal.core.JFinal.init(JFinal.java:67)
	at com.jfinal.core.JFinalFilter.init(JFinalFilter.java:49)
	at org.eclipse.jetty.servlet.FilterHolder.doStart(FilterHolder.java:119)
	at org.eclipse.jetty.util.component.AbstractLifeCycle.start(AbstractLifeCycle.java:64)
	at org.eclipse.jetty.servlet.ServletHandler.initialize(ServletHandler.java:724)
	at org.eclipse.jetty.servlet.ServletContextHandler.startContext(ServletContextHandler.java:265)
	at org.eclipse.jetty.webapp.WebAppContext.startContext(WebAppContext.java:1250)
	at org.eclipse.jetty.server.handler.ContextHandler.doStart(ContextHandler.java:706)
	at org.eclipse.jetty.webapp.WebAppContext.doStart(WebAppContext.java:492)
	at org.eclipse.jetty.util.component.AbstractLifeCycle.start(AbstractLifeCycle.java:64)
	at com.jfinal.server.JettyServer$1.onChange(JettyServer.java:106)
	at com.jfinal.server.Scanner.compare(Scanner.java:87)
	at com.jfinal.server.Scanner.working(Scanner.java:56)
	at com.jfinal.server.Scanner.access$0(Scanner.java:54)
	at com.jfinal.server.Scanner$1.run(Scanner.java:93)
	at java.util.TimerThread.mainLoop(Timer.java:555)
	at java.util.TimerThread.run(Timer.java:505)

2015-06-27 23:05:51
[WARN]-[Thread: JFinal-Scanner]-[org.eclipse.jetty.webapp.WebAppContext.doStart()]: Failed startup of context o.e.j.w.WebAppContext{/,file:/E:/Workspace/eclipse/web/WebContent/}
java.lang.IllegalArgumentException: The controllerKey already exists: /
	at com.jfinal.config.Routes.add(Routes.java:66)
	at com.demo.common.DemoConfig.configRoute(DemoConfig.java:37)
	at com.jfinal.core.Config.configJFinal(Config.java:47)
	at com.jfinal.core.JFinal.init(JFinal.java:67)
	at com.jfinal.core.JFinalFilter.init(JFinalFilter.java:49)
	at org.eclipse.jetty.servlet.FilterHolder.doStart(FilterHolder.java:119)
	at org.eclipse.jetty.util.component.AbstractLifeCycle.start(AbstractLifeCycle.java:64)
	at org.eclipse.jetty.servlet.ServletHandler.initialize(ServletHandler.java:724)
	at org.eclipse.jetty.servlet.ServletContextHandler.startContext(ServletContextHandler.java:265)
	at org.eclipse.jetty.webapp.WebAppContext.startContext(WebAppContext.java:1250)
	at org.eclipse.jetty.server.handler.ContextHandler.doStart(ContextHandler.java:706)
	at org.eclipse.jetty.webapp.WebAppContext.doStart(WebAppContext.java:492)
	at org.eclipse.jetty.util.component.AbstractLifeCycle.start(AbstractLifeCycle.java:64)
	at com.jfinal.server.JettyServer$1.onChange(JettyServer.java:106)
	at com.jfinal.server.Scanner.compare(Scanner.java:87)
	at com.jfinal.server.Scanner.working(Scanner.java:56)
	at com.jfinal.server.Scanner.access$0(Scanner.java:54)
	at com.jfinal.server.Scanner$1.run(Scanner.java:93)
	at java.util.TimerThread.mainLoop(Timer.java:555)
	at java.util.TimerThread.run(Timer.java:505)

2015-06-27 23:47:50
[WARN]-[Thread: qtp1874142680-23]-[com.jfinal.core.ActionHandler.handle()]: 404 Action Not Found: /app/html/main

2015-06-28 12:18:01
[WARN]-[Thread: Timer-0]-[com.mchange.v2.async.ThreadPoolAsynchronousRunner$DeadlockDetector.run()]: com.mchange.v2.async.ThreadPoolAsynchronousRunner$DeadlockDetector@7ea9acff -- APPARENT DEADLOCK!!! Creating emergency threads for unassigned pending tasks!

2015-06-28 12:18:01
[WARN]-[Thread: Timer-0]-[com.mchange.v2.async.ThreadPoolAsynchronousRunner$DeadlockDetector.run()]: com.mchange.v2.async.ThreadPoolAsynchronousRunner$DeadlockDetector@7ea9acff -- APPARENT DEADLOCK!!! Complete Status: 
	Managed Threads: 3
	Active Threads: 3
	Active Tasks: 
		com.mchange.v2.resourcepool.BasicResourcePool$AcquireTask@28cb43a9 (com.mchange.v2.async.ThreadPoolAsynchronousRunner$PoolThread-#1)
		com.mchange.v2.resourcepool.BasicResourcePool$AcquireTask@38c7212b (com.mchange.v2.async.ThreadPoolAsynchronousRunner$PoolThread-#0)
		com.mchange.v2.resourcepool.BasicResourcePool$AcquireTask@1952ab2c (com.mchange.v2.async.ThreadPoolAsynchronousRunner$PoolThread-#2)
	Pending Tasks: 
		com.mchange.v2.resourcepool.BasicResourcePool$AcquireTask@263e2b1
		com.mchange.v2.resourcepool.BasicResourcePool$AcquireTask@6bb7d3b0
		com.mchange.v2.resourcepool.BasicResourcePool$AcquireTask@71aaff0f
		com.mchange.v2.resourcepool.BasicResourcePool$AcquireTask@114f6c16
		com.mchange.v2.resourcepool.BasicResourcePool$AcquireTask@7541213a
		com.mchange.v2.resourcepool.BasicResourcePool$AcquireTask@6eca2fa
		com.mchange.v2.resourcepool.BasicResourcePool$AcquireTask@19bfcea3
Pool thread stack traces:
	Thread[com.mchange.v2.async.ThreadPoolAsynchronousRunner$PoolThread-#0,5,main]
		java.net.DualStackPlainSocketImpl.connect0(Native Method)
		java.net.DualStackPlainSocketImpl.socketConnect(DualStackPlainSocketImpl.java:79)
		java.net.AbstractPlainSocketImpl.doConnect(AbstractPlainSocketImpl.java:339)
		java.net.AbstractPlainSocketImpl.connectToAddress(AbstractPlainSocketImpl.java:200)
		java.net.AbstractPlainSocketImpl.connect(AbstractPlainSocketImpl.java:182)
		java.net.PlainSocketImpl.connect(PlainSocketImpl.java:172)
		java.net.SocksSocketImpl.connect(SocksSocketImpl.java:392)
		java.net.Socket.connect(Socket.java:579)
		java.net.Socket.connect(Socket.java:528)
		java.net.Socket.<init>(Socket.java:425)
		java.net.Socket.<init>(Socket.java:241)
		com.mysql.jdbc.StandardSocketFactory.connect(StandardSocketFactory.java:257)
		com.mysql.jdbc.MysqlIO.<init>(MysqlIO.java:298)
		com.mysql.jdbc.ConnectionImpl.coreConnect(ConnectionImpl.java:2391)
		com.mysql.jdbc.ConnectionImpl.connectOneTryOnly(ConnectionImpl.java:2428)
		com.mysql.jdbc.ConnectionImpl.createNewIO(ConnectionImpl.java:2213)
		com.mysql.jdbc.ConnectionImpl.<init>(ConnectionImpl.java:797)
		com.mysql.jdbc.JDBC4Connection.<init>(JDBC4Connection.java:47)
		sun.reflect.GeneratedConstructorAccessor3.newInstance(Unknown Source)
		sun.reflect.DelegatingConstructorAccessorImpl.newInstance(DelegatingConstructorAccessorImpl.java:45)
		java.lang.reflect.Constructor.newInstance(Constructor.java:526)
		com.mysql.jdbc.Util.handleNewInstance(Util.java:411)
		com.mysql.jdbc.ConnectionImpl.getInstance(ConnectionImpl.java:389)
		com.mysql.jdbc.NonRegisteringDriver.connect(NonRegisteringDriver.java:305)
		com.mchange.v2.c3p0.DriverManagerDataSource.getConnection(DriverManagerDataSource.java:134)
		com.mchange.v2.c3p0.WrapperConnectionPoolDataSource.getPooledConnection(WrapperConnectionPoolDataSource.java:182)
		com.mchange.v2.c3p0.WrapperConnectionPoolDataSource.getPooledConnection(WrapperConnectionPoolDataSource.java:171)
		com.mchange.v2.c3p0.impl.C3P0PooledConnectionPool$1PooledConnectionResourcePoolManager.acquireResource(C3P0PooledConnectionPool.java:137)
		com.mchange.v2.resourcepool.BasicResourcePool.doAcquire(BasicResourcePool.java:1014)
		com.mchange.v2.resourcepool.BasicResourcePool.access$800(BasicResourcePool.java:32)
		com.mchange.v2.resourcepool.BasicResourcePool$AcquireTask.run(BasicResourcePool.java:1810)
		com.mchange.v2.async.ThreadPoolAsynchronousRunner$PoolThread.run(ThreadPoolAsynchronousRunner.java:547)
	Thread[com.mchange.v2.async.ThreadPoolAsynchronousRunner$PoolThread-#1,5,main]
		java.net.DualStackPlainSocketImpl.connect0(Native Method)
		java.net.DualStackPlainSocketImpl.socketConnect(DualStackPlainSocketImpl.java:79)
		java.net.AbstractPlainSocketImpl.doConnect(AbstractPlainSocketImpl.java:339)
		java.net.AbstractPlainSocketImpl.connectToAddress(AbstractPlainSocketImpl.java:200)
		java.net.AbstractPlainSocketImpl.connect(AbstractPlainSocketImpl.java:182)
		java.net.PlainSocketImpl.connect(PlainSocketImpl.java:172)
		java.net.SocksSocketImpl.connect(SocksSocketImpl.java:392)
		java.net.Socket.connect(Socket.java:579)
		java.net.Socket.connect(Socket.java:528)
		java.net.Socket.<init>(Socket.java:425)
		java.net.Socket.<init>(Socket.java:241)
		com.mysql.jdbc.StandardSocketFactory.connect(StandardSocketFactory.java:257)
		com.mysql.jdbc.MysqlIO.<init>(MysqlIO.java:298)
		com.mysql.jdbc.ConnectionImpl.coreConnect(ConnectionImpl.java:2391)
		com.mysql.jdbc.ConnectionImpl.connectOneTryOnly(ConnectionImpl.java:2428)
		com.mysql.jdbc.ConnectionImpl.createNewIO(ConnectionImpl.java:2213)
		com.mysql.jdbc.ConnectionImpl.<init>(ConnectionImpl.java:797)
		com.mysql.jdbc.JDBC4Connection.<init>(JDBC4Connection.java:47)
		sun.reflect.GeneratedConstructorAccessor3.newInstance(Unknown Source)
		sun.reflect.DelegatingConstructorAccessorImpl.newInstance(DelegatingConstructorAccessorImpl.java:45)
		java.lang.reflect.Constructor.newInstance(Constructor.java:526)
		com.mysql.jdbc.Util.handleNewInstance(Util.java:411)
		com.mysql.jdbc.ConnectionImpl.getInstance(ConnectionImpl.java:389)
		com.mysql.jdbc.NonRegisteringDriver.connect(NonRegisteringDriver.java:305)
		com.mchange.v2.c3p0.DriverManagerDataSource.getConnection(DriverManagerDataSource.java:134)
		com.mchange.v2.c3p0.WrapperConnectionPoolDataSource.getPooledConnection(WrapperConnectionPoolDataSource.java:182)
		com.mchange.v2.c3p0.WrapperConnectionPoolDataSource.getPooledConnection(WrapperConnectionPoolDataSource.java:171)
		com.mchange.v2.c3p0.impl.C3P0PooledConnectionPool$1PooledConnectionResourcePoolManager.acquireResource(C3P0PooledConnectionPool.java:137)
		com.mchange.v2.resourcepool.BasicResourcePool.doAcquire(BasicResourcePool.java:1014)
		com.mchange.v2.resourcepool.BasicResourcePool.access$800(BasicResourcePool.java:32)
		com.mchange.v2.resourcepool.BasicResourcePool$AcquireTask.run(BasicResourcePool.java:1810)
		com.mchange.v2.async.ThreadPoolAsynchronousRunner$PoolThread.run(ThreadPoolAsynchronousRunner.java:547)
	Thread[com.mchange.v2.async.ThreadPoolAsynchronousRunner$PoolThread-#2,5,main]
		java.net.DualStackPlainSocketImpl.connect0(Native Method)
		java.net.DualStackPlainSocketImpl.socketConnect(DualStackPlainSocketImpl.java:79)
		java.net.AbstractPlainSocketImpl.doConnect(AbstractPlainSocketImpl.java:339)
		java.net.AbstractPlainSocketImpl.connectToAddress(AbstractPlainSocketImpl.java:200)
		java.net.AbstractPlainSocketImpl.connect(AbstractPlainSocketImpl.java:182)
		java.net.PlainSocketImpl.connect(PlainSocketImpl.java:172)
		java.net.SocksSocketImpl.connect(SocksSocketImpl.java:392)
		java.net.Socket.connect(Socket.java:579)
		java.net.Socket.connect(Socket.java:528)
		java.net.Socket.<init>(Socket.java:425)
		java.net.Socket.<init>(Socket.java:241)
		com.mysql.jdbc.StandardSocketFactory.connect(StandardSocketFactory.java:257)
		com.mysql.jdbc.MysqlIO.<init>(MysqlIO.java:298)
		com.mysql.jdbc.ConnectionImpl.coreConnect(ConnectionImpl.java:2391)
		com.mysql.jdbc.ConnectionImpl.connectOneTryOnly(ConnectionImpl.java:2428)
		com.mysql.jdbc.ConnectionImpl.createNewIO(ConnectionImpl.java:2213)
		com.mysql.jdbc.ConnectionImpl.<init>(ConnectionImpl.java:797)
		com.mysql.jdbc.JDBC4Connection.<init>(JDBC4Connection.java:47)
		sun.reflect.GeneratedConstructorAccessor3.newInstance(Unknown Source)
		sun.reflect.DelegatingConstructorAccessorImpl.newInstance(DelegatingConstructorAccessorImpl.java:45)
		java.lang.reflect.Constructor.newInstance(Constructor.java:526)
		com.mysql.jdbc.Util.handleNewInstance(Util.java:411)
		com.mysql.jdbc.ConnectionImpl.getInstance(ConnectionImpl.java:389)
		com.mysql.jdbc.NonRegisteringDriver.connect(NonRegisteringDriver.java:305)
		com.mchange.v2.c3p0.DriverManagerDataSource.getConnection(DriverManagerDataSource.java:134)
		com.mchange.v2.c3p0.WrapperConnectionPoolDataSource.getPooledConnection(WrapperConnectionPoolDataSource.java:182)
		com.mchange.v2.c3p0.WrapperConnectionPoolDataSource.getPooledConnection(WrapperConnectionPoolDataSource.java:171)
		com.mchange.v2.c3p0.impl.C3P0PooledConnectionPool$1PooledConnectionResourcePoolManager.acquireResource(C3P0PooledConnectionPool.java:137)
		com.mchange.v2.resourcepool.BasicResourcePool.doAcquire(BasicResourcePool.java:1014)
		com.mchange.v2.resourcepool.BasicResourcePool.access$800(BasicResourcePool.java:32)
		com.mchange.v2.resourcepool.BasicResourcePool$AcquireTask.run(BasicResourcePool.java:1810)
		com.mchange.v2.async.ThreadPoolAsynchronousRunner$PoolThread.run(ThreadPoolAsynchronousRunner.java:547)



2015-06-28 16:40:58
[WARN]-[Thread: JFinal-Scanner]-[org.eclipse.jetty.util.component.AbstractLifeCycle.setFailed()]: FAILED jfinal: java.lang.IllegalArgumentException: The controllerClass can not be null
java.lang.IllegalArgumentException: The controllerClass can not be null
	at com.jfinal.config.Routes.add(Routes.java:62)
	at com.jfinal.config.Routes.add(Routes.java:93)
	at com.demo.common.DemoConfig.configRoute(DemoConfig.java:42)
	at com.jfinal.core.Config.configJFinal(Config.java:47)
	at com.jfinal.core.JFinal.init(JFinal.java:67)
	at com.jfinal.core.JFinalFilter.init(JFinalFilter.java:49)
	at org.eclipse.jetty.servlet.FilterHolder.doStart(FilterHolder.java:119)
	at org.eclipse.jetty.util.component.AbstractLifeCycle.start(AbstractLifeCycle.java:64)
	at org.eclipse.jetty.servlet.ServletHandler.initialize(ServletHandler.java:724)
	at org.eclipse.jetty.servlet.ServletContextHandler.startContext(ServletContextHandler.java:265)
	at org.eclipse.jetty.webapp.WebAppContext.startContext(WebAppContext.java:1250)
	at org.eclipse.jetty.server.handler.ContextHandler.doStart(ContextHandler.java:706)
	at org.eclipse.jetty.webapp.WebAppContext.doStart(WebAppContext.java:492)
	at org.eclipse.jetty.util.component.AbstractLifeCycle.start(AbstractLifeCycle.java:64)
	at com.jfinal.server.JettyServer$1.onChange(JettyServer.java:106)
	at com.jfinal.server.Scanner.compare(Scanner.java:87)
	at com.jfinal.server.Scanner.working(Scanner.java:56)
	at com.jfinal.server.Scanner.access$0(Scanner.java:54)
	at com.jfinal.server.Scanner$1.run(Scanner.java:93)
	at java.util.TimerThread.mainLoop(Timer.java:555)
	at java.util.TimerThread.run(Timer.java:505)

2015-06-28 16:40:58
[WARN]-[Thread: JFinal-Scanner]-[org.eclipse.jetty.webapp.WebAppContext.doStart()]: Failed startup of context o.e.j.w.WebAppContext{/,file:/E:/Workspace/eclipse/web/WebContent/}
java.lang.IllegalArgumentException: The controllerClass can not be null
	at com.jfinal.config.Routes.add(Routes.java:62)
	at com.jfinal.config.Routes.add(Routes.java:93)
	at com.demo.common.DemoConfig.configRoute(DemoConfig.java:42)
	at com.jfinal.core.Config.configJFinal(Config.java:47)
	at com.jfinal.core.JFinal.init(JFinal.java:67)
	at com.jfinal.core.JFinalFilter.init(JFinalFilter.java:49)
	at org.eclipse.jetty.servlet.FilterHolder.doStart(FilterHolder.java:119)
	at org.eclipse.jetty.util.component.AbstractLifeCycle.start(AbstractLifeCycle.java:64)
	at org.eclipse.jetty.servlet.ServletHandler.initialize(ServletHandler.java:724)
	at org.eclipse.jetty.servlet.ServletContextHandler.startContext(ServletContextHandler.java:265)
	at org.eclipse.jetty.webapp.WebAppContext.startContext(WebAppContext.java:1250)
	at org.eclipse.jetty.server.handler.ContextHandler.doStart(ContextHandler.java:706)
	at org.eclipse.jetty.webapp.WebAppContext.doStart(WebAppContext.java:492)
	at org.eclipse.jetty.util.component.AbstractLifeCycle.start(AbstractLifeCycle.java:64)
	at com.jfinal.server.JettyServer$1.onChange(JettyServer.java:106)
	at com.jfinal.server.Scanner.compare(Scanner.java:87)
	at com.jfinal.server.Scanner.working(Scanner.java:56)
	at com.jfinal.server.Scanner.access$0(Scanner.java:54)
	at com.jfinal.server.Scanner$1.run(Scanner.java:93)
	at java.util.TimerThread.mainLoop(Timer.java:555)
	at java.util.TimerThread.run(Timer.java:505)

2015-06-29 21:40:00
[WARN]-[Thread: qtp216942577-19]-[com.jfinal.core.ActionHandler.handle()]: 404 Action Not Found: /addon/app/web/html/

2015-06-29 21:40:14
[WARN]-[Thread: qtp216942577-25]-[com.jfinal.core.ActionHandler.handle()]: 404 Action Not Found: /addon/app/web/html/

2015-07-05 10:00:08
[WARN]-[Thread: JFinal-Scanner]-[org.eclipse.jetty.util.component.AbstractLifeCycle.setFailed()]: FAILED jfinal: java.lang.RuntimeException: Can not create instance of class: com.demo.common.DemoConfig. Please check the config in web.xml
java.lang.RuntimeException: Can not create instance of class: com.demo.common.DemoConfig. Please check the config in web.xml
	at com.jfinal.core.JFinalFilter.createJFinalConfig(JFinalFilter.java:104)
	at com.jfinal.core.JFinalFilter.init(JFinalFilter.java:47)
	at org.eclipse.jetty.servlet.FilterHolder.doStart(FilterHolder.java:119)
	at org.eclipse.jetty.util.component.AbstractLifeCycle.start(AbstractLifeCycle.java:64)
	at org.eclipse.jetty.servlet.ServletHandler.initialize(ServletHandler.java:724)
	at org.eclipse.jetty.servlet.ServletContextHandler.startContext(ServletContextHandler.java:265)
	at org.eclipse.jetty.webapp.WebAppContext.startContext(WebAppContext.java:1250)
	at org.eclipse.jetty.server.handler.ContextHandler.doStart(ContextHandler.java:706)
	at org.eclipse.jetty.webapp.WebAppContext.doStart(WebAppContext.java:492)
	at org.eclipse.jetty.util.component.AbstractLifeCycle.start(AbstractLifeCycle.java:64)
	at com.jfinal.server.JettyServer$1.onChange(JettyServer.java:106)
	at com.jfinal.server.Scanner.compare(Scanner.java:87)
	at com.jfinal.server.Scanner.working(Scanner.java:56)
	at com.jfinal.server.Scanner.access$0(Scanner.java:54)
	at com.jfinal.server.Scanner$1.run(Scanner.java:93)
	at java.util.TimerThread.mainLoop(Timer.java:555)
	at java.util.TimerThread.run(Timer.java:505)

2015-07-05 10:00:08
[WARN]-[Thread: JFinal-Scanner]-[org.eclipse.jetty.webapp.WebAppContext.doStart()]: Failed startup of context o.e.j.w.WebAppContext{/,file:/E:/Workspace/eclipse/web/WebContent/}
java.lang.RuntimeException: Can not create instance of class: com.demo.common.DemoConfig. Please check the config in web.xml
	at com.jfinal.core.JFinalFilter.createJFinalConfig(JFinalFilter.java:104)
	at com.jfinal.core.JFinalFilter.init(JFinalFilter.java:47)
	at org.eclipse.jetty.servlet.FilterHolder.doStart(FilterHolder.java:119)
	at org.eclipse.jetty.util.component.AbstractLifeCycle.start(AbstractLifeCycle.java:64)
	at org.eclipse.jetty.servlet.ServletHandler.initialize(ServletHandler.java:724)
	at org.eclipse.jetty.servlet.ServletContextHandler.startContext(ServletContextHandler.java:265)
	at org.eclipse.jetty.webapp.WebAppContext.startContext(WebAppContext.java:1250)
	at org.eclipse.jetty.server.handler.ContextHandler.doStart(ContextHandler.java:706)
	at org.eclipse.jetty.webapp.WebAppContext.doStart(WebAppContext.java:492)
	at org.eclipse.jetty.util.component.AbstractLifeCycle.start(AbstractLifeCycle.java:64)
	at com.jfinal.server.JettyServer$1.onChange(JettyServer.java:106)
	at com.jfinal.server.Scanner.compare(Scanner.java:87)
	at com.jfinal.server.Scanner.working(Scanner.java:56)
	at com.jfinal.server.Scanner.access$0(Scanner.java:54)
	at com.jfinal.server.Scanner$1.run(Scanner.java:93)
	at java.util.TimerThread.mainLoop(Timer.java:555)
	at java.util.TimerThread.run(Timer.java:505)

2015-07-05 10:00:12
[WARN]-[Thread: JFinal-Scanner]-[org.eclipse.jetty.servlet.FilterHolder.doStop()]: 
java.lang.NullPointerException
	at com.jfinal.core.JFinalFilter.destroy(JFinalFilter.java:86)
	at org.eclipse.jetty.servlet.FilterHolder.destroyInstance(FilterHolder.java:153)
	at org.eclipse.jetty.servlet.FilterHolder.doStop(FilterHolder.java:131)
	at org.eclipse.jetty.util.component.AbstractLifeCycle.stop(AbstractLifeCycle.java:89)
	at org.eclipse.jetty.servlet.ServletHandler.doStop(ServletHandler.java:204)
	at org.eclipse.jetty.util.component.AbstractLifeCycle.stop(AbstractLifeCycle.java:89)
	at org.eclipse.jetty.server.handler.HandlerWrapper.doStop(HandlerWrapper.java:107)
	at org.eclipse.jetty.security.SecurityHandler.doStop(SecurityHandler.java:395)
	at org.eclipse.jetty.security.ConstraintSecurityHandler.doStop(ConstraintSecurityHandler.java:463)
	at org.eclipse.jetty.util.component.AbstractLifeCycle.stop(AbstractLifeCycle.java:89)
	at org.eclipse.jetty.server.handler.HandlerWrapper.doStop(HandlerWrapper.java:107)
	at org.eclipse.jetty.server.session.SessionHandler.doStop(SessionHandler.java:136)
	at org.eclipse.jetty.util.component.AbstractLifeCycle.stop(AbstractLifeCycle.java:89)
	at org.eclipse.jetty.server.handler.HandlerWrapper.doStop(HandlerWrapper.java:107)
	at org.eclipse.jetty.server.handler.ContextHandler.doStop(ContextHandler.java:805)
	at org.eclipse.jetty.servlet.ServletContextHandler.doStop(ServletContextHandler.java:160)
	at org.eclipse.jetty.webapp.WebAppContext.doStop(WebAppContext.java:516)
	at org.eclipse.jetty.util.component.AbstractLifeCycle.stop(AbstractLifeCycle.java:89)
	at com.jfinal.server.JettyServer$1.onChange(JettyServer.java:103)
	at com.jfinal.server.Scanner.compare(Scanner.java:87)
	at com.jfinal.server.Scanner.working(Scanner.java:56)
	at com.jfinal.server.Scanner.access$0(Scanner.java:54)
	at com.jfinal.server.Scanner$1.run(Scanner.java:93)
	at java.util.TimerThread.mainLoop(Timer.java:555)
	at java.util.TimerThread.run(Timer.java:505)

2015-07-05 10:00:13
[WARN]-[Thread: JFinal-Scanner]-[org.eclipse.jetty.util.component.AbstractLifeCycle.setFailed()]: FAILED jfinal: java.lang.RuntimeException: Can not create instance of class: com.demo.common.DemoConfig. Please check the config in web.xml
java.lang.RuntimeException: Can not create instance of class: com.demo.common.DemoConfig. Please check the config in web.xml
	at com.jfinal.core.JFinalFilter.createJFinalConfig(JFinalFilter.java:104)
	at com.jfinal.core.JFinalFilter.init(JFinalFilter.java:47)
	at org.eclipse.jetty.servlet.FilterHolder.doStart(FilterHolder.java:119)
	at org.eclipse.jetty.util.component.AbstractLifeCycle.start(AbstractLifeCycle.java:64)
	at org.eclipse.jetty.servlet.ServletHandler.initialize(ServletHandler.java:724)
	at org.eclipse.jetty.servlet.ServletContextHandler.startContext(ServletContextHandler.java:265)
	at org.eclipse.jetty.webapp.WebAppContext.startContext(WebAppContext.java:1250)
	at org.eclipse.jetty.server.handler.ContextHandler.doStart(ContextHandler.java:706)
	at org.eclipse.jetty.webapp.WebAppContext.doStart(WebAppContext.java:492)
	at org.eclipse.jetty.util.component.AbstractLifeCycle.start(AbstractLifeCycle.java:64)
	at com.jfinal.server.JettyServer$1.onChange(JettyServer.java:106)
	at com.jfinal.server.Scanner.compare(Scanner.java:87)
	at com.jfinal.server.Scanner.working(Scanner.java:56)
	at com.jfinal.server.Scanner.access$0(Scanner.java:54)
	at com.jfinal.server.Scanner$1.run(Scanner.java:93)
	at java.util.TimerThread.mainLoop(Timer.java:555)
	at java.util.TimerThread.run(Timer.java:505)

2015-07-05 10:00:13
[WARN]-[Thread: JFinal-Scanner]-[org.eclipse.jetty.webapp.WebAppContext.doStart()]: Failed startup of context o.e.j.w.WebAppContext{/,file:/E:/Workspace/eclipse/web/WebContent/}
java.lang.RuntimeException: Can not create instance of class: com.demo.common.DemoConfig. Please check the config in web.xml
	at com.jfinal.core.JFinalFilter.createJFinalConfig(JFinalFilter.java:104)
	at com.jfinal.core.JFinalFilter.init(JFinalFilter.java:47)
	at org.eclipse.jetty.servlet.FilterHolder.doStart(FilterHolder.java:119)
	at org.eclipse.jetty.util.component.AbstractLifeCycle.start(AbstractLifeCycle.java:64)
	at org.eclipse.jetty.servlet.ServletHandler.initialize(ServletHandler.java:724)
	at org.eclipse.jetty.servlet.ServletContextHandler.startContext(ServletContextHandler.java:265)
	at org.eclipse.jetty.webapp.WebAppContext.startContext(WebAppContext.java:1250)
	at org.eclipse.jetty.server.handler.ContextHandler.doStart(ContextHandler.java:706)
	at org.eclipse.jetty.webapp.WebAppContext.doStart(WebAppContext.java:492)
	at org.eclipse.jetty.util.component.AbstractLifeCycle.start(AbstractLifeCycle.java:64)
	at com.jfinal.server.JettyServer$1.onChange(JettyServer.java:106)
	at com.jfinal.server.Scanner.compare(Scanner.java:87)
	at com.jfinal.server.Scanner.working(Scanner.java:56)
	at com.jfinal.server.Scanner.access$0(Scanner.java:54)
	at com.jfinal.server.Scanner$1.run(Scanner.java:93)
	at java.util.TimerThread.mainLoop(Timer.java:555)
	at java.util.TimerThread.run(Timer.java:505)

2015-07-05 10:00:22
[WARN]-[Thread: JFinal-Scanner]-[org.eclipse.jetty.servlet.FilterHolder.doStop()]: 
java.lang.NullPointerException
	at com.jfinal.core.JFinalFilter.destroy(JFinalFilter.java:86)
	at org.eclipse.jetty.servlet.FilterHolder.destroyInstance(FilterHolder.java:153)
	at org.eclipse.jetty.servlet.FilterHolder.doStop(FilterHolder.java:131)
	at org.eclipse.jetty.util.component.AbstractLifeCycle.stop(AbstractLifeCycle.java:89)
	at org.eclipse.jetty.servlet.ServletHandler.doStop(ServletHandler.java:204)
	at org.eclipse.jetty.util.component.AbstractLifeCycle.stop(AbstractLifeCycle.java:89)
	at org.eclipse.jetty.server.handler.HandlerWrapper.doStop(HandlerWrapper.java:107)
	at org.eclipse.jetty.security.SecurityHandler.doStop(SecurityHandler.java:395)
	at org.eclipse.jetty.security.ConstraintSecurityHandler.doStop(ConstraintSecurityHandler.java:463)
	at org.eclipse.jetty.util.component.AbstractLifeCycle.stop(AbstractLifeCycle.java:89)
	at org.eclipse.jetty.server.handler.HandlerWrapper.doStop(HandlerWrapper.java:107)
	at org.eclipse.jetty.server.session.SessionHandler.doStop(SessionHandler.java:136)
	at org.eclipse.jetty.util.component.AbstractLifeCycle.stop(AbstractLifeCycle.java:89)
	at org.eclipse.jetty.server.handler.HandlerWrapper.doStop(HandlerWrapper.java:107)
	at org.eclipse.jetty.server.handler.ContextHandler.doStop(ContextHandler.java:805)
	at org.eclipse.jetty.servlet.ServletContextHandler.doStop(ServletContextHandler.java:160)
	at org.eclipse.jetty.webapp.WebAppContext.doStop(WebAppContext.java:516)
	at org.eclipse.jetty.util.component.AbstractLifeCycle.stop(AbstractLifeCycle.java:89)
	at com.jfinal.server.JettyServer$1.onChange(JettyServer.java:103)
	at com.jfinal.server.Scanner.compare(Scanner.java:87)
	at com.jfinal.server.Scanner.working(Scanner.java:56)
	at com.jfinal.server.Scanner.access$0(Scanner.java:54)
	at com.jfinal.server.Scanner$1.run(Scanner.java:93)
	at java.util.TimerThread.mainLoop(Timer.java:555)
	at java.util.TimerThread.run(Timer.java:505)

2015-07-05 10:00:23
[WARN]-[Thread: JFinal-Scanner]-[org.eclipse.jetty.util.component.AbstractLifeCycle.setFailed()]: FAILED jfinal: java.lang.RuntimeException: Can not create instance of class: com.demo.common.DemoConfig. Please check the config in web.xml
java.lang.RuntimeException: Can not create instance of class: com.demo.common.DemoConfig. Please check the config in web.xml
	at com.jfinal.core.JFinalFilter.createJFinalConfig(JFinalFilter.java:104)
	at com.jfinal.core.JFinalFilter.init(JFinalFilter.java:47)
	at org.eclipse.jetty.servlet.FilterHolder.doStart(FilterHolder.java:119)
	at org.eclipse.jetty.util.component.AbstractLifeCycle.start(AbstractLifeCycle.java:64)
	at org.eclipse.jetty.servlet.ServletHandler.initialize(ServletHandler.java:724)
	at org.eclipse.jetty.servlet.ServletContextHandler.startContext(ServletContextHandler.java:265)
	at org.eclipse.jetty.webapp.WebAppContext.startContext(WebAppContext.java:1250)
	at org.eclipse.jetty.server.handler.ContextHandler.doStart(ContextHandler.java:706)
	at org.eclipse.jetty.webapp.WebAppContext.doStart(WebAppContext.java:492)
	at org.eclipse.jetty.util.component.AbstractLifeCycle.start(AbstractLifeCycle.java:64)
	at com.jfinal.server.JettyServer$1.onChange(JettyServer.java:106)
	at com.jfinal.server.Scanner.compare(Scanner.java:87)
	at com.jfinal.server.Scanner.working(Scanner.java:56)
	at com.jfinal.server.Scanner.access$0(Scanner.java:54)
	at com.jfinal.server.Scanner$1.run(Scanner.java:93)
	at java.util.TimerThread.mainLoop(Timer.java:555)
	at java.util.TimerThread.run(Timer.java:505)

2015-07-05 10:00:23
[WARN]-[Thread: JFinal-Scanner]-[org.eclipse.jetty.webapp.WebAppContext.doStart()]: Failed startup of context o.e.j.w.WebAppContext{/,file:/E:/Workspace/eclipse/web/WebContent/}
java.lang.RuntimeException: Can not create instance of class: com.demo.common.DemoConfig. Please check the config in web.xml
	at com.jfinal.core.JFinalFilter.createJFinalConfig(JFinalFilter.java:104)
	at com.jfinal.core.JFinalFilter.init(JFinalFilter.java:47)
	at org.eclipse.jetty.servlet.FilterHolder.doStart(FilterHolder.java:119)
	at org.eclipse.jetty.util.component.AbstractLifeCycle.start(AbstractLifeCycle.java:64)
	at org.eclipse.jetty.servlet.ServletHandler.initialize(ServletHandler.java:724)
	at org.eclipse.jetty.servlet.ServletContextHandler.startContext(ServletContextHandler.java:265)
	at org.eclipse.jetty.webapp.WebAppContext.startContext(WebAppContext.java:1250)
	at org.eclipse.jetty.server.handler.ContextHandler.doStart(ContextHandler.java:706)
	at org.eclipse.jetty.webapp.WebAppContext.doStart(WebAppContext.java:492)
	at org.eclipse.jetty.util.component.AbstractLifeCycle.start(AbstractLifeCycle.java:64)
	at com.jfinal.server.JettyServer$1.onChange(JettyServer.java:106)
	at com.jfinal.server.Scanner.compare(Scanner.java:87)
	at com.jfinal.server.Scanner.working(Scanner.java:56)
	at com.jfinal.server.Scanner.access$0(Scanner.java:54)
	at com.jfinal.server.Scanner$1.run(Scanner.java:93)
	at java.util.TimerThread.mainLoop(Timer.java:555)
	at java.util.TimerThread.run(Timer.java:505)

2015-07-05 10:05:50
[WARN]-[Thread: main]-[org.eclipse.jetty.util.component.AbstractLifeCycle.setFailed()]: FAILED jfinal: java.lang.RuntimeException: Can not create instance of class: com.demo.common.DemoConfig
java.lang.RuntimeException: Can not create instance of class: com.demo.common.DemoConfig
	at com.jfinal.core.JFinalFilter.createJFinalConfig(JFinalFilter.java:98)
	at com.jfinal.core.JFinalFilter.init(JFinalFilter.java:47)
	at org.eclipse.jetty.servlet.FilterHolder.doStart(FilterHolder.java:119)
	at org.eclipse.jetty.util.component.AbstractLifeCycle.start(AbstractLifeCycle.java:64)
	at org.eclipse.jetty.servlet.ServletHandler.initialize(ServletHandler.java:724)
	at org.eclipse.jetty.servlet.ServletContextHandler.startContext(ServletContextHandler.java:265)
	at org.eclipse.jetty.webapp.WebAppContext.startContext(WebAppContext.java:1250)
	at org.eclipse.jetty.server.handler.ContextHandler.doStart(ContextHandler.java:706)
	at org.eclipse.jetty.webapp.WebAppContext.doStart(WebAppContext.java:492)
	at org.eclipse.jetty.util.component.AbstractLifeCycle.start(AbstractLifeCycle.java:64)
	at org.eclipse.jetty.server.handler.HandlerWrapper.doStart(HandlerWrapper.java:95)
	at org.eclipse.jetty.server.Server.doStart(Server.java:277)
	at org.eclipse.jetty.util.component.AbstractLifeCycle.start(AbstractLifeCycle.java:64)
	at com.jfinal.server.JettyServer.doStart(JettyServer.java:120)
	at com.jfinal.server.JettyServer.start(JettyServer.java:64)
	at com.jfinal.core.JFinal.start(JFinal.java:159)
	at com.dev.sys.main.RunConfig.main(RunConfig.java:79)
Caused by: java.lang.ClassNotFoundException: com.demo.common.DemoConfig
	at java.net.URLClassLoader$1.run(URLClassLoader.java:366)
	at java.net.URLClassLoader$1.run(URLClassLoader.java:355)
	at java.security.AccessController.doPrivileged(Native Method)
	at java.net.URLClassLoader.findClass(URLClassLoader.java:354)
	at java.lang.ClassLoader.loadClass(ClassLoader.java:425)
	at sun.misc.Launcher$AppClassLoader.loadClass(Launcher.java:308)
	at java.lang.ClassLoader.loadClass(ClassLoader.java:358)
	at java.lang.Class.forName0(Native Method)
	at java.lang.Class.forName(Class.java:190)
	at com.jfinal.core.JFinalFilter.createJFinalConfig(JFinalFilter.java:96)
	... 16 more

2015-07-05 10:05:51
[WARN]-[Thread: main]-[org.eclipse.jetty.webapp.WebAppContext.doStart()]: Failed startup of context o.e.j.w.WebAppContext{/,file:/E:/Workspace/eclipse/web/WebContent/}
java.lang.RuntimeException: Can not create instance of class: com.demo.common.DemoConfig
	at com.jfinal.core.JFinalFilter.createJFinalConfig(JFinalFilter.java:98)
	at com.jfinal.core.JFinalFilter.init(JFinalFilter.java:47)
	at org.eclipse.jetty.servlet.FilterHolder.doStart(FilterHolder.java:119)
	at org.eclipse.jetty.util.component.AbstractLifeCycle.start(AbstractLifeCycle.java:64)
	at org.eclipse.jetty.servlet.ServletHandler.initialize(ServletHandler.java:724)
	at org.eclipse.jetty.servlet.ServletContextHandler.startContext(ServletContextHandler.java:265)
	at org.eclipse.jetty.webapp.WebAppContext.startContext(WebAppContext.java:1250)
	at org.eclipse.jetty.server.handler.ContextHandler.doStart(ContextHandler.java:706)
	at org.eclipse.jetty.webapp.WebAppContext.doStart(WebAppContext.java:492)
	at org.eclipse.jetty.util.component.AbstractLifeCycle.start(AbstractLifeCycle.java:64)
	at org.eclipse.jetty.server.handler.HandlerWrapper.doStart(HandlerWrapper.java:95)
	at org.eclipse.jetty.server.Server.doStart(Server.java:277)
	at org.eclipse.jetty.util.component.AbstractLifeCycle.start(AbstractLifeCycle.java:64)
	at com.jfinal.server.JettyServer.doStart(JettyServer.java:120)
	at com.jfinal.server.JettyServer.start(JettyServer.java:64)
	at com.jfinal.core.JFinal.start(JFinal.java:159)
	at com.dev.sys.main.RunConfig.main(RunConfig.java:79)
Caused by: java.lang.ClassNotFoundException: com.demo.common.DemoConfig
	at java.net.URLClassLoader$1.run(URLClassLoader.java:366)
	at java.net.URLClassLoader$1.run(URLClassLoader.java:355)
	at java.security.AccessController.doPrivileged(Native Method)
	at java.net.URLClassLoader.findClass(URLClassLoader.java:354)
	at java.lang.ClassLoader.loadClass(ClassLoader.java:425)
	at sun.misc.Launcher$AppClassLoader.loadClass(Launcher.java:308)
	at java.lang.ClassLoader.loadClass(ClassLoader.java:358)
	at java.lang.Class.forName0(Native Method)
	at java.lang.Class.forName(Class.java:190)
	at com.jfinal.core.JFinalFilter.createJFinalConfig(JFinalFilter.java:96)
	... 16 more

2015-07-05 10:17:24
[ERROR]-[Thread: qtp2094878464-24]-[com.jfinal.core.ActionHandler.handle()]: /blog/save
java.lang.RuntimeException: The Table mapping of model: com.dev.blog.model.Blog not exists. Please add mapping to ActiveRecordPlugin: activeRecordPlugin.addMapping(tableName, YourModel.class).
	at com.jfinal.plugin.activerecord.TableMapping.getTable(TableMapping.java:45)
	at com.jfinal.core.ModelInjector.injectActiveRecordModel(ModelInjector.java:83)
	at com.jfinal.core.ModelInjector.inject(ModelInjector.java:50)
	at com.jfinal.core.ModelInjector.inject(ModelInjector.java:37)
	at com.jfinal.core.Controller.getModel(Controller.java:626)
	at com.dev.blog.model.BlogController.save(BlogController.java:19)
	at sun.reflect.NativeMethodAccessorImpl.invoke0(Native Method)
	at sun.reflect.NativeMethodAccessorImpl.invoke(NativeMethodAccessorImpl.java:57)
	at sun.reflect.DelegatingMethodAccessorImpl.invoke(DelegatingMethodAccessorImpl.java:43)
	at java.lang.reflect.Method.invoke(Method.java:606)
	at com.jfinal.core.ActionInvocation.invoke(ActionInvocation.java:55)
	at com.jfinal.validate.Validator.intercept(Validator.java:61)
	at com.jfinal.core.ActionInvocation.invoke(ActionInvocation.java:51)
	at com.dev.blog.model.BlogInterceptor.intercept(BlogInterceptor.java:14)
	at com.jfinal.core.ActionInvocation.invoke(ActionInvocation.java:51)
	at com.jfinal.core.ActionHandler.handle(ActionHandler.java:73)
	at com.jfinal.core.JFinalFilter.doFilter(JFinalFilter.java:72)
	at org.eclipse.jetty.servlet.ServletHandler$CachedChain.doFilter(ServletHandler.java:1307)
	at org.eclipse.jetty.servlet.ServletHandler.doHandle(ServletHandler.java:453)
	at org.eclipse.jetty.server.handler.ScopedHandler.handle(ScopedHandler.java:137)
	at org.eclipse.jetty.security.SecurityHandler.handle(SecurityHandler.java:560)
	at org.eclipse.jetty.server.session.SessionHandler.doHandle(SessionHandler.java:231)
	at org.eclipse.jetty.server.handler.ContextHandler.doHandle(ContextHandler.java:1072)
	at org.eclipse.jetty.servlet.ServletHandler.doScope(ServletHandler.java:382)
	at org.eclipse.jetty.server.session.SessionHandler.doScope(SessionHandler.java:193)
	at org.eclipse.jetty.server.handler.ContextHandler.doScope(ContextHandler.java:1006)
	at org.eclipse.jetty.server.handler.ScopedHandler.handle(ScopedHandler.java:135)
	at org.eclipse.jetty.server.handler.HandlerWrapper.handle(HandlerWrapper.java:116)
	at org.eclipse.jetty.server.Server.handle(Server.java:365)
	at org.eclipse.jetty.server.AbstractHttpConnection.handleRequest(AbstractHttpConnection.java:485)
	at org.eclipse.jetty.server.AbstractHttpConnection.content(AbstractHttpConnection.java:937)
	at org.eclipse.jetty.server.AbstractHttpConnection$RequestHandler.content(AbstractHttpConnection.java:998)
	at org.eclipse.jetty.http.HttpParser.parseNext(HttpParser.java:856)
	at org.eclipse.jetty.http.HttpParser.parseAvailable(HttpParser.java:240)
	at org.eclipse.jetty.server.AsyncHttpConnection.handle(AsyncHttpConnection.java:82)
	at org.eclipse.jetty.io.nio.SelectChannelEndPoint.handle(SelectChannelEndPoint.java:628)
	at org.eclipse.jetty.io.nio.SelectChannelEndPoint$1.run(SelectChannelEndPoint.java:52)
	at org.eclipse.jetty.util.thread.QueuedThreadPool.runJob(QueuedThreadPool.java:608)
	at org.eclipse.jetty.util.thread.QueuedThreadPool$3.run(QueuedThreadPool.java:543)
	at java.lang.Thread.run(Thread.java:745)

2015-07-05 10:22:34
[ERROR]-[Thread: qtp2094878464-19]-[com.jfinal.core.ActionHandler.handle()]: /blog/save
java.lang.RuntimeException: The Table mapping of model: com.dev.blog.model.Blog not exists. Please add mapping to ActiveRecordPlugin: activeRecordPlugin.addMapping(tableName, YourModel.class).
	at com.jfinal.plugin.activerecord.TableMapping.getTable(TableMapping.java:45)
	at com.jfinal.core.ModelInjector.injectActiveRecordModel(ModelInjector.java:83)
	at com.jfinal.core.ModelInjector.inject(ModelInjector.java:50)
	at com.jfinal.core.Controller.keepModel(Controller.java:787)
	at com.jfinal.core.Controller.keepModel(Controller.java:794)
	at com.dev.blog.model.BlogValidator.handleError(BlogValidator.java:19)
	at com.jfinal.validate.Validator.intercept(Validator.java:59)
	at com.jfinal.core.ActionInvocation.invoke(ActionInvocation.java:51)
	at com.dev.blog.model.BlogInterceptor.intercept(BlogInterceptor.java:14)
	at com.jfinal.core.ActionInvocation.invoke(ActionInvocation.java:51)
	at com.jfinal.core.ActionHandler.handle(ActionHandler.java:73)
	at com.jfinal.core.JFinalFilter.doFilter(JFinalFilter.java:72)
	at org.eclipse.jetty.servlet.ServletHandler$CachedChain.doFilter(ServletHandler.java:1307)
	at org.eclipse.jetty.servlet.ServletHandler.doHandle(ServletHandler.java:453)
	at org.eclipse.jetty.server.handler.ScopedHandler.handle(ScopedHandler.java:137)
	at org.eclipse.jetty.security.SecurityHandler.handle(SecurityHandler.java:560)
	at org.eclipse.jetty.server.session.SessionHandler.doHandle(SessionHandler.java:231)
	at org.eclipse.jetty.server.handler.ContextHandler.doHandle(ContextHandler.java:1072)
	at org.eclipse.jetty.servlet.ServletHandler.doScope(ServletHandler.java:382)
	at org.eclipse.jetty.server.session.SessionHandler.doScope(SessionHandler.java:193)
	at org.eclipse.jetty.server.handler.ContextHandler.doScope(ContextHandler.java:1006)
	at org.eclipse.jetty.server.handler.ScopedHandler.handle(ScopedHandler.java:135)
	at org.eclipse.jetty.server.handler.HandlerWrapper.handle(HandlerWrapper.java:116)
	at org.eclipse.jetty.server.Server.handle(Server.java:365)
	at org.eclipse.jetty.server.AbstractHttpConnection.handleRequest(AbstractHttpConnection.java:485)
	at org.eclipse.jetty.server.AbstractHttpConnection.headerComplete(AbstractHttpConnection.java:926)
	at org.eclipse.jetty.server.AbstractHttpConnection$RequestHandler.headerComplete(AbstractHttpConnection.java:988)
	at org.eclipse.jetty.http.HttpParser.parseNext(HttpParser.java:635)
	at org.eclipse.jetty.http.HttpParser.parseAvailable(HttpParser.java:235)
	at org.eclipse.jetty.server.AsyncHttpConnection.handle(AsyncHttpConnection.java:82)
	at org.eclipse.jetty.io.nio.SelectChannelEndPoint.handle(SelectChannelEndPoint.java:628)
	at org.eclipse.jetty.io.nio.SelectChannelEndPoint$1.run(SelectChannelEndPoint.java:52)
	at org.eclipse.jetty.util.thread.QueuedThreadPool.runJob(QueuedThreadPool.java:608)
	at org.eclipse.jetty.util.thread.QueuedThreadPool$3.run(QueuedThreadPool.java:543)
	at java.lang.Thread.run(Thread.java:745)

2015-07-05 10:22:36
[ERROR]-[Thread: qtp2094878464-26]-[com.jfinal.core.ActionHandler.handle()]: /blog/save
java.lang.RuntimeException: The Table mapping of model: com.dev.blog.model.Blog not exists. Please add mapping to ActiveRecordPlugin: activeRecordPlugin.addMapping(tableName, YourModel.class).
	at com.jfinal.plugin.activerecord.TableMapping.getTable(TableMapping.java:45)
	at com.jfinal.core.ModelInjector.injectActiveRecordModel(ModelInjector.java:83)
	at com.jfinal.core.ModelInjector.inject(ModelInjector.java:50)
	at com.jfinal.core.Controller.keepModel(Controller.java:787)
	at com.jfinal.core.Controller.keepModel(Controller.java:794)
	at com.dev.blog.model.BlogValidator.handleError(BlogValidator.java:19)
	at com.jfinal.validate.Validator.intercept(Validator.java:59)
	at com.jfinal.core.ActionInvocation.invoke(ActionInvocation.java:51)
	at com.dev.blog.model.BlogInterceptor.intercept(BlogInterceptor.java:14)
	at com.jfinal.core.ActionInvocation.invoke(ActionInvocation.java:51)
	at com.jfinal.core.ActionHandler.handle(ActionHandler.java:73)
	at com.jfinal.core.JFinalFilter.doFilter(JFinalFilter.java:72)
	at org.eclipse.jetty.servlet.ServletHandler$CachedChain.doFilter(ServletHandler.java:1307)
	at org.eclipse.jetty.servlet.ServletHandler.doHandle(ServletHandler.java:453)
	at org.eclipse.jetty.server.handler.ScopedHandler.handle(ScopedHandler.java:137)
	at org.eclipse.jetty.security.SecurityHandler.handle(SecurityHandler.java:560)
	at org.eclipse.jetty.server.session.SessionHandler.doHandle(SessionHandler.java:231)
	at org.eclipse.jetty.server.handler.ContextHandler.doHandle(ContextHandler.java:1072)
	at org.eclipse.jetty.servlet.ServletHandler.doScope(ServletHandler.java:382)
	at org.eclipse.jetty.server.session.SessionHandler.doScope(SessionHandler.java:193)
	at org.eclipse.jetty.server.handler.ContextHandler.doScope(ContextHandler.java:1006)
	at org.eclipse.jetty.server.handler.ScopedHandler.handle(ScopedHandler.java:135)
	at org.eclipse.jetty.server.handler.HandlerWrapper.handle(HandlerWrapper.java:116)
	at org.eclipse.jetty.server.Server.handle(Server.java:365)
	at org.eclipse.jetty.server.AbstractHttpConnection.handleRequest(AbstractHttpConnection.java:485)
	at org.eclipse.jetty.server.AbstractHttpConnection.headerComplete(AbstractHttpConnection.java:926)
	at org.eclipse.jetty.server.AbstractHttpConnection$RequestHandler.headerComplete(AbstractHttpConnection.java:988)
	at org.eclipse.jetty.http.HttpParser.parseNext(HttpParser.java:635)
	at org.eclipse.jetty.http.HttpParser.parseAvailable(HttpParser.java:235)
	at org.eclipse.jetty.server.AsyncHttpConnection.handle(AsyncHttpConnection.java:82)
	at org.eclipse.jetty.io.nio.SelectChannelEndPoint.handle(SelectChannelEndPoint.java:628)
	at org.eclipse.jetty.io.nio.SelectChannelEndPoint$1.run(SelectChannelEndPoint.java:52)
	at org.eclipse.jetty.util.thread.QueuedThreadPool.runJob(QueuedThreadPool.java:608)
	at org.eclipse.jetty.util.thread.QueuedThreadPool$3.run(QueuedThreadPool.java:543)
	at java.lang.Thread.run(Thread.java:745)

2015-07-05 10:22:39
[ERROR]-[Thread: qtp2094878464-26]-[com.jfinal.core.ActionHandler.handle()]: /blog
java.lang.NullPointerException
	at com.jfinal.plugin.activerecord.Model.paginate(Model.java:237)
	at com.jfinal.plugin.activerecord.Model.paginate(Model.java:275)
	at com.dev.blog.model.Blog.paginate(Blog.java:11)
	at com.dev.blog.model.BlogController.index(BlogController.java:9)
	at sun.reflect.NativeMethodAccessorImpl.invoke0(Native Method)
	at sun.reflect.NativeMethodAccessorImpl.invoke(NativeMethodAccessorImpl.java:57)
	at sun.reflect.DelegatingMethodAccessorImpl.invoke(DelegatingMethodAccessorImpl.java:43)
	at java.lang.reflect.Method.invoke(Method.java:606)
	at com.jfinal.core.ActionInvocation.invoke(ActionInvocation.java:55)
	at com.dev.blog.model.BlogInterceptor.intercept(BlogInterceptor.java:14)
	at com.jfinal.core.ActionInvocation.invoke(ActionInvocation.java:51)
	at com.jfinal.core.ActionHandler.handle(ActionHandler.java:73)
	at com.jfinal.core.JFinalFilter.doFilter(JFinalFilter.java:72)
	at org.eclipse.jetty.servlet.ServletHandler$CachedChain.doFilter(ServletHandler.java:1307)
	at org.eclipse.jetty.servlet.ServletHandler.doHandle(ServletHandler.java:453)
	at org.eclipse.jetty.server.handler.ScopedHandler.handle(ScopedHandler.java:137)
	at org.eclipse.jetty.security.SecurityHandler.handle(SecurityHandler.java:560)
	at org.eclipse.jetty.server.session.SessionHandler.doHandle(SessionHandler.java:231)
	at org.eclipse.jetty.server.handler.ContextHandler.doHandle(ContextHandler.java:1072)
	at org.eclipse.jetty.servlet.ServletHandler.doScope(ServletHandler.java:382)
	at org.eclipse.jetty.server.session.SessionHandler.doScope(SessionHandler.java:193)
	at org.eclipse.jetty.server.handler.ContextHandler.doScope(ContextHandler.java:1006)
	at org.eclipse.jetty.server.handler.ScopedHandler.handle(ScopedHandler.java:135)
	at org.eclipse.jetty.server.handler.HandlerWrapper.handle(HandlerWrapper.java:116)
	at org.eclipse.jetty.server.Server.handle(Server.java:365)
	at org.eclipse.jetty.server.AbstractHttpConnection.handleRequest(AbstractHttpConnection.java:485)
	at org.eclipse.jetty.server.AbstractHttpConnection.headerComplete(AbstractHttpConnection.java:926)
	at org.eclipse.jetty.server.AbstractHttpConnection$RequestHandler.headerComplete(AbstractHttpConnection.java:988)
	at org.eclipse.jetty.http.HttpParser.parseNext(HttpParser.java:635)
	at org.eclipse.jetty.http.HttpParser.parseAvailable(HttpParser.java:235)
	at org.eclipse.jetty.server.AsyncHttpConnection.handle(AsyncHttpConnection.java:82)
	at org.eclipse.jetty.io.nio.SelectChannelEndPoint.handle(SelectChannelEndPoint.java:628)
	at org.eclipse.jetty.io.nio.SelectChannelEndPoint$1.run(SelectChannelEndPoint.java:52)
	at org.eclipse.jetty.util.thread.QueuedThreadPool.runJob(QueuedThreadPool.java:608)
	at org.eclipse.jetty.util.thread.QueuedThreadPool$3.run(QueuedThreadPool.java:543)
	at java.lang.Thread.run(Thread.java:745)

2015-07-05 10:23:28
[ERROR]-[Thread: qtp2094878464-23]-[com.jfinal.core.ActionHandler.handle()]: /blog
java.lang.NullPointerException
	at com.jfinal.plugin.activerecord.Model.paginate(Model.java:237)
	at com.jfinal.plugin.activerecord.Model.paginate(Model.java:275)
	at com.dev.blog.model.Blog.paginate(Blog.java:11)
	at com.dev.blog.model.BlogController.index(BlogController.java:9)
	at sun.reflect.NativeMethodAccessorImpl.invoke0(Native Method)
	at sun.reflect.NativeMethodAccessorImpl.invoke(NativeMethodAccessorImpl.java:57)
	at sun.reflect.DelegatingMethodAccessorImpl.invoke(DelegatingMethodAccessorImpl.java:43)
	at java.lang.reflect.Method.invoke(Method.java:606)
	at com.jfinal.core.ActionInvocation.invoke(ActionInvocation.java:55)
	at com.dev.blog.model.BlogInterceptor.intercept(BlogInterceptor.java:14)
	at com.jfinal.core.ActionInvocation.invoke(ActionInvocation.java:51)
	at com.jfinal.core.ActionHandler.handle(ActionHandler.java:73)
	at com.jfinal.core.JFinalFilter.doFilter(JFinalFilter.java:72)
	at org.eclipse.jetty.servlet.ServletHandler$CachedChain.doFilter(ServletHandler.java:1307)
	at org.eclipse.jetty.servlet.ServletHandler.doHandle(ServletHandler.java:453)
	at org.eclipse.jetty.server.handler.ScopedHandler.handle(ScopedHandler.java:137)
	at org.eclipse.jetty.security.SecurityHandler.handle(SecurityHandler.java:560)
	at org.eclipse.jetty.server.session.SessionHandler.doHandle(SessionHandler.java:231)
	at org.eclipse.jetty.server.handler.ContextHandler.doHandle(ContextHandler.java:1072)
	at org.eclipse.jetty.servlet.ServletHandler.doScope(ServletHandler.java:382)
	at org.eclipse.jetty.server.session.SessionHandler.doScope(SessionHandler.java:193)
	at org.eclipse.jetty.server.handler.ContextHandler.doScope(ContextHandler.java:1006)
	at org.eclipse.jetty.server.handler.ScopedHandler.handle(ScopedHandler.java:135)
	at org.eclipse.jetty.server.handler.HandlerWrapper.handle(HandlerWrapper.java:116)
	at org.eclipse.jetty.server.Server.handle(Server.java:365)
	at org.eclipse.jetty.server.AbstractHttpConnection.handleRequest(AbstractHttpConnection.java:485)
	at org.eclipse.jetty.server.AbstractHttpConnection.headerComplete(AbstractHttpConnection.java:926)
	at org.eclipse.jetty.server.AbstractHttpConnection$RequestHandler.headerComplete(AbstractHttpConnection.java:988)
	at org.eclipse.jetty.http.HttpParser.parseNext(HttpParser.java:635)
	at org.eclipse.jetty.http.HttpParser.parseAvailable(HttpParser.java:235)
	at org.eclipse.jetty.server.AsyncHttpConnection.handle(AsyncHttpConnection.java:82)
	at org.eclipse.jetty.io.nio.SelectChannelEndPoint.handle(SelectChannelEndPoint.java:628)
	at org.eclipse.jetty.io.nio.SelectChannelEndPoint$1.run(SelectChannelEndPoint.java:52)
	at org.eclipse.jetty.util.thread.QueuedThreadPool.runJob(QueuedThreadPool.java:608)
	at org.eclipse.jetty.util.thread.QueuedThreadPool$3.run(QueuedThreadPool.java:543)
	at java.lang.Thread.run(Thread.java:745)

2015-07-05 10:23:39
[ERROR]-[Thread: qtp2094878464-21]-[com.jfinal.core.ActionHandler.handle()]: /blog
java.lang.NullPointerException
	at com.jfinal.plugin.activerecord.Model.paginate(Model.java:237)
	at com.jfinal.plugin.activerecord.Model.paginate(Model.java:275)
	at com.dev.blog.model.Blog.paginate(Blog.java:11)
	at com.dev.blog.model.BlogController.index(BlogController.java:9)
	at sun.reflect.NativeMethodAccessorImpl.invoke0(Native Method)
	at sun.reflect.NativeMethodAccessorImpl.invoke(NativeMethodAccessorImpl.java:57)
	at sun.reflect.DelegatingMethodAccessorImpl.invoke(DelegatingMethodAccessorImpl.java:43)
	at java.lang.reflect.Method.invoke(Method.java:606)
	at com.jfinal.core.ActionInvocation.invoke(ActionInvocation.java:55)
	at com.dev.blog.model.BlogInterceptor.intercept(BlogInterceptor.java:14)
	at com.jfinal.core.ActionInvocation.invoke(ActionInvocation.java:51)
	at com.jfinal.core.ActionHandler.handle(ActionHandler.java:73)
	at com.jfinal.core.JFinalFilter.doFilter(JFinalFilter.java:72)
	at org.eclipse.jetty.servlet.ServletHandler$CachedChain.doFilter(ServletHandler.java:1307)
	at org.eclipse.jetty.servlet.ServletHandler.doHandle(ServletHandler.java:453)
	at org.eclipse.jetty.server.handler.ScopedHandler.handle(ScopedHandler.java:137)
	at org.eclipse.jetty.security.SecurityHandler.handle(SecurityHandler.java:560)
	at org.eclipse.jetty.server.session.SessionHandler.doHandle(SessionHandler.java:231)
	at org.eclipse.jetty.server.handler.ContextHandler.doHandle(ContextHandler.java:1072)
	at org.eclipse.jetty.servlet.ServletHandler.doScope(ServletHandler.java:382)
	at org.eclipse.jetty.server.session.SessionHandler.doScope(SessionHandler.java:193)
	at org.eclipse.jetty.server.handler.ContextHandler.doScope(ContextHandler.java:1006)
	at org.eclipse.jetty.server.handler.ScopedHandler.handle(ScopedHandler.java:135)
	at org.eclipse.jetty.server.handler.HandlerWrapper.handle(HandlerWrapper.java:116)
	at org.eclipse.jetty.server.Server.handle(Server.java:365)
	at org.eclipse.jetty.server.AbstractHttpConnection.handleRequest(AbstractHttpConnection.java:485)
	at org.eclipse.jetty.server.AbstractHttpConnection.headerComplete(AbstractHttpConnection.java:926)
	at org.eclipse.jetty.server.AbstractHttpConnection$RequestHandler.headerComplete(AbstractHttpConnection.java:988)
	at org.eclipse.jetty.http.HttpParser.parseNext(HttpParser.java:635)
	at org.eclipse.jetty.http.HttpParser.parseAvailable(HttpParser.java:235)
	at org.eclipse.jetty.server.AsyncHttpConnection.handle(AsyncHttpConnection.java:82)
	at org.eclipse.jetty.io.nio.SelectChannelEndPoint.handle(SelectChannelEndPoint.java:628)
	at org.eclipse.jetty.io.nio.SelectChannelEndPoint$1.run(SelectChannelEndPoint.java:52)
	at org.eclipse.jetty.util.thread.QueuedThreadPool.runJob(QueuedThreadPool.java:608)
	at org.eclipse.jetty.util.thread.QueuedThreadPool$3.run(QueuedThreadPool.java:543)
	at java.lang.Thread.run(Thread.java:745)

2015-07-05 10:25:01
[ERROR]-[Thread: qtp2094878464-23]-[com.jfinal.core.ActionHandler.handle()]: /blog
java.lang.NullPointerException
	at com.jfinal.plugin.activerecord.Model.paginate(Model.java:237)
	at com.jfinal.plugin.activerecord.Model.paginate(Model.java:275)
	at com.dev.blog.model.Blog.paginate(Blog.java:11)
	at com.dev.blog.model.BlogController.index(BlogController.java:9)
	at sun.reflect.NativeMethodAccessorImpl.invoke0(Native Method)
	at sun.reflect.NativeMethodAccessorImpl.invoke(NativeMethodAccessorImpl.java:57)
	at sun.reflect.DelegatingMethodAccessorImpl.invoke(DelegatingMethodAccessorImpl.java:43)
	at java.lang.reflect.Method.invoke(Method.java:606)
	at com.jfinal.core.ActionInvocation.invoke(ActionInvocation.java:55)
	at com.dev.blog.model.BlogInterceptor.intercept(BlogInterceptor.java:14)
	at com.jfinal.core.ActionInvocation.invoke(ActionInvocation.java:51)
	at com.jfinal.core.ActionHandler.handle(ActionHandler.java:73)
	at com.jfinal.core.JFinalFilter.doFilter(JFinalFilter.java:72)
	at org.eclipse.jetty.servlet.ServletHandler$CachedChain.doFilter(ServletHandler.java:1307)
	at org.eclipse.jetty.servlet.ServletHandler.doHandle(ServletHandler.java:453)
	at org.eclipse.jetty.server.handler.ScopedHandler.handle(ScopedHandler.java:137)
	at org.eclipse.jetty.security.SecurityHandler.handle(SecurityHandler.java:560)
	at org.eclipse.jetty.server.session.SessionHandler.doHandle(SessionHandler.java:231)
	at org.eclipse.jetty.server.handler.ContextHandler.doHandle(ContextHandler.java:1072)
	at org.eclipse.jetty.servlet.ServletHandler.doScope(ServletHandler.java:382)
	at org.eclipse.jetty.server.session.SessionHandler.doScope(SessionHandler.java:193)
	at org.eclipse.jetty.server.handler.ContextHandler.doScope(ContextHandler.java:1006)
	at org.eclipse.jetty.server.handler.ScopedHandler.handle(ScopedHandler.java:135)
	at org.eclipse.jetty.server.handler.HandlerWrapper.handle(HandlerWrapper.java:116)
	at org.eclipse.jetty.server.Server.handle(Server.java:365)
	at org.eclipse.jetty.server.AbstractHttpConnection.handleRequest(AbstractHttpConnection.java:485)
	at org.eclipse.jetty.server.AbstractHttpConnection.headerComplete(AbstractHttpConnection.java:926)
	at org.eclipse.jetty.server.AbstractHttpConnection$RequestHandler.headerComplete(AbstractHttpConnection.java:988)
	at org.eclipse.jetty.http.HttpParser.parseNext(HttpParser.java:635)
	at org.eclipse.jetty.http.HttpParser.parseAvailable(HttpParser.java:235)
	at org.eclipse.jetty.server.AsyncHttpConnection.handle(AsyncHttpConnection.java:82)
	at org.eclipse.jetty.io.nio.SelectChannelEndPoint.handle(SelectChannelEndPoint.java:628)
	at org.eclipse.jetty.io.nio.SelectChannelEndPoint$1.run(SelectChannelEndPoint.java:52)
	at org.eclipse.jetty.util.thread.QueuedThreadPool.runJob(QueuedThreadPool.java:608)
	at org.eclipse.jetty.util.thread.QueuedThreadPool$3.run(QueuedThreadPool.java:543)
	at java.lang.Thread.run(Thread.java:745)
